Log file open, 01/18/23 19:21:30
LogWindows: Failed to load 'aqProf.dll' (GetLastError=126)
LogWindows: File 'aqProf.dll' does not exist
LogWindows: Failed to load 'VtuneApi.dll' (GetLastError=126)
LogWindows: File 'VtuneApi.dll' does not exist
LogWindows: Failed to load 'VtuneApi32e.dll' (GetLastError=126)
LogWindows: File 'VtuneApi32e.dll' does not exist
LogConsoleResponse: Display: Failed to find resolution value strings in scalability ini. Falling back to default.
LogConsoleResponse: Display: Failed to find resolution value strings in scalability ini. Falling back to default.
LogInit: Display: Running engine for game: NiePatrycjaPilarz
LogPlatformFile: Not using cached read wrapper
LogTaskGraph: Started task graph with 5 named threads and 35 total threads with 3 sets of task threads.
LogStats: Stats thread started at 0.189086
LogICUInternationalization: ICU TimeZone Detection - Raw Offset: +1:00, Platform Override: ''
LogInit: Display: Loading text-based GConfig....
LogPluginManager: Mounting plugin MeshPainting
LogPluginManager: Mounting plugin XGEController
LogPluginManager: Mounting plugin Paper2D
LogPluginManager: Mounting plugin AISupport
LogPluginManager: Mounting plugin EnvironmentQueryEditor
LogPluginManager: Mounting plugin LightPropagationVolume
LogPluginManager: Mounting plugin LiveLink
LogPluginManager: Mounting plugin OodleData
LogPluginManager: Mounting plugin DatasmithContent
LogPluginManager: Mounting plugin AnimationSharing
LogPluginManager: Mounting plugin CodeLiteSourceCodeAccess
LogPluginManager: Mounting plugin VariantManagerContent
LogPluginManager: Mounting plugin CLionSourceCodeAccess
LogPluginManager: Mounting plugin KDevelopSourceCodeAccess
LogPluginManager: Mounting plugin GitSourceControl
LogPluginManager: Mounting plugin PerforceSourceControl
LogPluginManager: Mounting plugin NullSourceCodeAccess
LogPluginManager: Mounting plugin PlasticSourceControl
LogPluginManager: Mounting plugin PluginUtils
LogPluginManager: Mounting plugin PixWinPlugin
LogPluginManager: Mounting plugin PropertyAccessNode
LogPluginManager: Mounting plugin RiderSourceCodeAccess
LogPluginManager: Mounting plugin TextureFormatOodle
LogPluginManager: Mounting plugin UObjectPlugin
LogPluginManager: Mounting plugin VisualStudioCodeSourceCodeAccess
LogPluginManager: Mounting plugin VisualStudioSourceCodeAccess
LogPluginManager: Mounting plugin XCodeSourceCodeAccess
LogPluginManager: Mounting plugin AssetManagerEditor
LogPluginManager: Mounting plugin CryptoKeys
LogPluginManager: Mounting plugin CurveEditorTools
LogPluginManager: Mounting plugin DataValidation
LogPluginManager: Mounting plugin GeometryMode
LogPluginManager: Mounting plugin FacialAnimation
LogPluginManager: Mounting plugin GameplayTagsEditor
LogPluginManager: Mounting plugin MacGraphicsSwitching
LogPluginManager: Mounting plugin MaterialAnalyzer
LogPluginManager: Mounting plugin MobileLauncherProfileWizard
LogPluginManager: Mounting plugin PluginBrowser
LogPluginManager: Mounting plugin SpeedTreeImporter
LogPluginManager: Mounting plugin Niagara
LogPluginManager: Mounting plugin AndroidMedia
LogPluginManager: Mounting plugin AlembicImporter
LogPluginManager: Mounting plugin AutomationUtils
LogPluginManager: Mounting plugin AvfMedia
LogPluginManager: Mounting plugin SubversionSourceControl
LogPluginManager: Mounting plugin BackChannel
LogPluginManager: Mounting plugin ChaosCloth
LogPluginManager: Mounting plugin ChaosClothEditor
LogPluginManager: Mounting plugin ChaosEditor
LogPluginManager: Mounting plugin ChaosSolverPlugin
LogPluginManager: Mounting plugin ChaosNiagara
LogPluginManager: Mounting plugin CharacterAI
LogPluginManager: Mounting plugin ImgMedia
LogPluginManager: Mounting plugin MediaCompositing
LogPluginManager: Mounting plugin MediaPlayerEditor
LogPluginManager: Mounting plugin WebMMedia
LogPluginManager: Mounting plugin WmfMedia
LogPluginManager: Mounting plugin LuminPlatformFeatures
LogPluginManager: Mounting plugin GeometryCache
LogPluginManager: Mounting plugin GeometryCollectionPlugin
LogPluginManager: Mounting plugin MagicLeap
LogPluginManager: Mounting plugin MagicLeapLightEstimation
LogPluginManager: Mounting plugin MagicLeapMedia
LogPluginManager: Mounting plugin MagicLeapPassableWorld
LogPluginManager: Mounting plugin GeometryProcessing
LogPluginManager: Mounting plugin MLSDK
LogPluginManager: Mounting plugin MotoSynth
LogPluginManager: Mounting plugin OpenImageDenoise
LogPluginManager: Mounting plugin PlanarCut
LogPluginManager: Mounting plugin ProxyLODPlugin
LogPluginManager: Mounting plugin PlatformCrypto
LogPluginManager: Mounting plugin PythonScriptPlugin
LogPluginManager: Mounting plugin SkeletalReduction
LogPluginManager: Mounting plugin ActorSequence
LogPluginManager: Mounting plugin TcpMessaging
LogPluginManager: Mounting plugin UdpMessaging
LogPluginManager: Mounting plugin LevelSequenceEditor
LogPluginManager: Mounting plugin MatineeToLevelSequence
LogPluginManager: Mounting plugin TemplateSequence
LogPluginManager: Mounting plugin LauncherChunkInstaller
LogPluginManager: Mounting plugin OnlineSubsystem
LogPluginManager: Mounting plugin OnlineSubsystemNull
LogPluginManager: Mounting plugin OnlineSubsystemUtils
LogPluginManager: Mounting plugin ActorLayerUtilities
LogPluginManager: Mounting plugin AndroidDeviceProfileSelector
LogPluginManager: Mounting plugin AndroidMoviePlayer
LogPluginManager: Mounting plugin AndroidPermission
LogPluginManager: Mounting plugin AppleMoviePlayer
LogPluginManager: Mounting plugin AppleImageUtils
LogPluginManager: Mounting plugin ArchVisCharacter
LogPluginManager: Mounting plugin AudioCapture
LogPluginManager: Mounting plugin AudioSynesthesia
LogPluginManager: Mounting plugin AssetTags
LogPluginManager: Mounting plugin CustomMeshComponent
LogPluginManager: Mounting plugin CableComponent
LogPluginManager: Mounting plugin ChunkDownloader
LogPluginManager: Mounting plugin EditableMesh
LogPluginManager: Mounting plugin ExampleDeviceProfileSelector
LogPluginManager: Mounting plugin GoogleCloudMessaging
LogPluginManager: Mounting plugin GooglePAD
LogPluginManager: Mounting plugin ScreenshotTools
LogPluginManager: Mounting plugin Takes
LogPluginManager: Mounting plugin IOSDeviceProfileSelector
LogPluginManager: Mounting plugin LinuxDeviceProfileSelector
LogPluginManager: Mounting plugin LocationServicesBPLibrary
LogPluginManager: Mounting plugin MobilePatchingUtils
LogPluginManager: Mounting plugin OpenXR
LogPluginManager: Mounting plugin OpenXREyeTracker
LogPluginManager: Mounting plugin OpenXRHandTracking
LogPluginManager: Mounting plugin PostSplashScreen
LogPluginManager: Mounting plugin PhysXVehicles
LogPluginManager: Mounting plugin ProceduralMeshComponent
LogPluginManager: Mounting plugin PropertyAccessEditor
LogPluginManager: Mounting plugin RuntimePhysXCooking
LogPluginManager: Mounting plugin SignificanceManager
LogPluginManager: Mounting plugin SoundFields
LogPluginManager: Mounting plugin Synthesis
LogPluginManager: Mounting plugin WebMMoviePlayer
LogPluginManager: Mounting plugin WindowsMoviePlayer
LogPluginManager: Mounting plugin OodleNetwork
LogPluginManager: Mounting plugin GameplayCameras
LogPluginManager: Mounting plugin CameraShakePreviewer
LogPluginManager: Mounting plugin ContentBrowserAssetDataSource
LogPluginManager: Mounting plugin ContentBrowserClassDataSource
LogPluginManager: Mounting plugin ContentBrowserFileDataSource
LogPluginManager: Mounting plugin OnlineSubsystemGooglePlay
LogPluginManager: Mounting plugin OnlineSubsystemIOS
LogPluginManager: Mounting plugin OculusVR
LogPluginManager: Mounting plugin SteamVR
PixWinPlugin: PIX capture plugin failed to initialize! Check that the process is launched from PIX.
LogInit: Using libcurl 7.55.1-DEV
LogInit:  - built for x86_64-pc-win32
LogInit:  - supports SSL with OpenSSL/1.1.1
LogInit:  - supports HTTP deflate (compression) using libz 1.2.8
LogInit:  - other features:
LogInit:      CURL_VERSION_SSL
LogInit:      CURL_VERSION_LIBZ
LogInit:      CURL_VERSION_IPV6
LogInit:      CURL_VERSION_ASYNCHDNS
LogInit:      CURL_VERSION_LARGEFILE
LogInit:      CURL_VERSION_IDN
LogInit:  CurlRequestOptions (configurable via config and command line):
LogInit:  - bVerifyPeer = true  - Libcurl will verify peer certificate
LogInit:  - bUseHttpProxy = false  - Libcurl will NOT use HTTP proxy
LogInit:  - bDontReuseConnections = false  - Libcurl will reuse connections
LogInit:  - MaxHostConnections = 16  - Libcurl will limit the number of connections to a host
LogInit:  - LocalHostAddr = Default
LogInit:  - BufferSize = 65536
LogOnline: OSS: Creating online subsystem instance for: NULL
LogInit: WinSock: version 1.1 (2.2), MaxSocks=32767, MaxUdp=65467
LogOnline: OSS: TryLoadSubsystemAndSetDefault: Loaded subsystem for module [NULL]
LogOculusPluginWrapper: OculusPlugin initialized successfully
LogHMD: Failed initializing OVRPlugin 1.59.0
LogInit: Build: ++UE4+Release-4.27-CL-18319896
LogInit: Engine Version: 4.27.2-18319896+++UE4+Release-4.27
LogInit: Compatible Engine Version: 4.27.0-17155196+++UE4+Release-4.27
LogInit: Net CL: 17155196
LogInit: OS: Windows 10 (Release 2009) (), CPU: Intel(R) Core(TM) i5-10600KF CPU @ 4.10GHz, GPU: NVIDIA GeForce RTX 3060
LogInit: Compiled (64-bit): Nov 30 2021 07:12:08
LogInit: Compiled with Visual C++: 19.24.28315.00
LogInit: Build Configuration: Development
LogInit: Branch Name: ++UE4+Release-4.27
LogInit: Command Line:  -EpicPortal -epicusername=20Patrycja200 -epicuserid=785537df732f4b0a931e61680141a575 -epiclocale=pl -epicsandboxid=ue
LogInit: Base Directory: C:/Program Files/Epic Games/UE_4.27/Engine/Binaries/Win64/
LogInit: Allocator: TBB
LogInit: Installed Engine Build: 1
LogDevObjectVersion: Number of dev versions registered: 29
LogDevObjectVersion:   Dev-Blueprints (B0D832E4-1F89-4F0D-ACCF-7EB736FD4AA2): 10
LogDevObjectVersion:   Dev-Build (E1C64328-A22C-4D53-A36C-8E866417BD8C): 0
LogDevObjectVersion:   Dev-Core (375EC13C-06E4-48FB-B500-84F0262A717E): 4
LogDevObjectVersion:   Dev-Editor (E4B068ED-F494-42E9-A231-DA0B2E46BB41): 40
LogDevObjectVersion:   Dev-Framework (CFFC743F-43B0-4480-9391-14DF171D2073): 37
LogDevObjectVersion:   Dev-Mobile (B02B49B5-BB20-44E9-A304-32B752E40360): 3
LogDevObjectVersion:   Dev-Networking (A4E4105C-59A1-49B5-A7C5-40C4547EDFEE): 0
LogDevObjectVersion:   Dev-Online (39C831C9-5AE6-47DC-9A44-9C173E1C8E7C): 0
LogDevObjectVersion:   Dev-Physics (78F01B33-EBEA-4F98-B9B4-84EACCB95AA2): 14
LogDevObjectVersion:   Dev-Platform (6631380F-2D4D-43E0-8009-CF276956A95A): 0
LogDevObjectVersion:   Dev-Rendering (12F88B9F-8875-4AFC-A67C-D90C383ABD29): 45
LogDevObjectVersion:   Dev-Sequencer (7B5AE74C-D270-4C10-A958-57980B212A5A): 13
LogDevObjectVersion:   Dev-VR (D7296918-1DD6-4BDD-9DE2-64A83CC13884): 3
LogDevObjectVersion:   Dev-LoadTimes (C2A15278-BFE7-4AFE-6C17-90FF531DF755): 1
LogDevObjectVersion:   Private-Geometry (6EACA3D4-40EC-4CC1-B786-8BED09428FC5): 3
LogDevObjectVersion:   Dev-AnimPhys (29E575DD-E0A3-4627-9D10-D276232CDCEA): 17
LogDevObjectVersion:   Dev-Anim (AF43A65D-7FD3-4947-9873-3E8ED9C1BB05): 15
LogDevObjectVersion:   Dev-ReflectionCapture (6B266CEC-1EC7-4B8F-A30B-E4D90942FC07): 1
LogDevObjectVersion:   Dev-Automation (0DF73D61-A23F-47EA-B727-89E90C41499A): 1
LogDevObjectVersion:   FortniteMain (601D1886-AC64-4F84-AA16-D3DE0DEAC7D6): 47
LogDevObjectVersion:   FortniteRelease (E7086368-6B23-4C58-8439-1B7016265E91): 1
LogDevObjectVersion:   Dev-Enterprise (9DFFBCD6-494F-0158-E221-12823C92A888): 10
LogDevObjectVersion:   Dev-Niagara (F2AED0AC-9AFE-416F-8664-AA7FFA26D6FC): 1
LogDevObjectVersion:   Dev-Destruction (174F1F0B-B4C6-45A5-B13F-2EE8D0FB917D): 10
LogDevObjectVersion:   Dev-Physics-Ext (35F94A83-E258-406C-A318-09F59610247C): 41
LogDevObjectVersion:   Dev-PhysicsMaterial-Chaos (B68FC16E-8B1B-42E2-B453-215C058844FE): 1
LogDevObjectVersion:   Dev-CineCamera (B2E18506-4273-CFC2-A54E-F4BB758BBA07): 1
LogDevObjectVersion:   Dev-VirtualProduction (64F58936-FD1B-42BA-BA96-7289D5D0FA4E): 1
LogDevObjectVersion:   Dev-MediaFramework (6F0ED827-A609-4895-9C91-998D90180EA4): 2
LogInit: Presizing for max 25165824 objects, including 0 objects not considered by GC, pre-allocating 0 bytes for permanent pool.
LogConfig: Applying CVar settings from Section [/Script/Engine.StreamingSettings] File [C:/Users/PC/Documents/GitHub/Projekt1---labirynt-z-kulk-/NiePatrycjaPilarz/Saved/Config/Windows/Engine.ini]
LogConfig: Setting CVar [[s.MinBulkDataSizeForAsyncLoading:131072]]
LogConfig: Setting CVar [[s.AsyncLoadingThreadEnabled:0]]
LogConfig: Setting CVar [[s.EventDrivenLoaderEnabled:1]]
LogConfig: Setting CVar [[s.WarnIfTimeLimitExceeded:0]]
LogConfig: Setting CVar [[s.TimeLimitExceededMultiplier:1.5]]
LogConfig: Setting CVar [[s.TimeLimitExceededMinTime:0.005]]
LogConfig: Setting CVar [[s.UseBackgroundLevelStreaming:1]]
LogConfig: Setting CVar [[s.PriorityAsyncLoadingExtraTime:15.0]]
LogConfig: Setting CVar [[s.LevelStreamingActorsUpdateTimeLimit:5.0]]
LogConfig: Setting CVar [[s.PriorityLevelStreamingActorsUpdateExtraTime:5.0]]
LogConfig: Setting CVar [[s.LevelStreamingComponentsRegistrationGranularity:10]]
LogConfig: Setting CVar [[s.UnregisterComponentsTimeLimit:1.0]]
LogConfig: Setting CVar [[s.LevelStreamingComponentsUnregistrationGranularity:5]]
LogConfig: Setting CVar [[s.FlushStreamingOnExit:1]]
LogInit: Object subsystem initialized
LogConfig: Setting CVar [[con.DebugEarlyDefault:1]]
LogConfig: Setting CVar [[r.setres:1280x720]]
[2023.01.18-18.21.30:619][  0]LogConfig: Setting CVar [[r.VSync:0]]
[2023.01.18-18.21.30:619][  0]LogConfig: Setting CVar [[r.RHICmdBypass:0]]
[2023.01.18-18.21.30:619][  0]LogConfig: Applying CVar settings from Section [/Script/Engine.RendererSettings] File [C:/Users/PC/Documents/GitHub/Projekt1---labirynt-z-kulk-/NiePatrycjaPilarz/Saved/Config/Windows/Engine.ini]
[2023.01.18-18.21.30:619][  0]LogConfig: Setting CVar [[r.GPUCrashDebugging:0]]
[2023.01.18-18.21.30:619][  0]LogConfig: Applying CVar settings from Section [/Script/Engine.RendererOverrideSettings] File [C:/Users/PC/Documents/GitHub/Projekt1---labirynt-z-kulk-/NiePatrycjaPilarz/Saved/Config/Windows/Engine.ini]
[2023.01.18-18.21.30:619][  0]LogConfig: Applying CVar settings from Section [/Script/Engine.StreamingSettings] File [C:/Users/PC/Documents/GitHub/Projekt1---labirynt-z-kulk-/NiePatrycjaPilarz/Saved/Config/Windows/Engine.ini]
[2023.01.18-18.21.30:619][  0]LogConfig: Setting CVar [[s.MinBulkDataSizeForAsyncLoading:131072]]
[2023.01.18-18.21.30:619][  0]LogConfig: Setting CVar [[s.AsyncLoadingThreadEnabled:0]]
[2023.01.18-18.21.30:619][  0]LogConfig: Setting CVar [[s.EventDrivenLoaderEnabled:1]]
[2023.01.18-18.21.30:619][  0]LogConfig: Setting CVar [[s.WarnIfTimeLimitExceeded:0]]
[2023.01.18-18.21.30:619][  0]LogConfig: Setting CVar [[s.TimeLimitExceededMultiplier:1.5]]
[2023.01.18-18.21.30:619][  0]LogConfig: Setting CVar [[s.TimeLimitExceededMinTime:0.005]]
[2023.01.18-18.21.30:619][  0]LogConfig: Setting CVar [[s.UseBackgroundLevelStreaming:1]]
[2023.01.18-18.21.30:619][  0]LogConfig: Setting CVar [[s.PriorityAsyncLoadingExtraTime:15.0]]
[2023.01.18-18.21.30:619][  0]LogConfig: Setting CVar [[s.LevelStreamingActorsUpdateTimeLimit:5.0]]
[2023.01.18-18.21.30:619][  0]LogConfig: Setting CVar [[s.PriorityLevelStreamingActorsUpdateExtraTime:5.0]]
[2023.01.18-18.21.30:619][  0]LogConfig: Setting CVar [[s.LevelStreamingComponentsRegistrationGranularity:10]]
[2023.01.18-18.21.30:619][  0]LogConfig: Setting CVar [[s.UnregisterComponentsTimeLimit:1.0]]
[2023.01.18-18.21.30:619][  0]LogConfig: Setting CVar [[s.LevelStreamingComponentsUnregistrationGranularity:5]]
[2023.01.18-18.21.30:619][  0]LogConfig: Setting CVar [[s.FlushStreamingOnExit:1]]
[2023.01.18-18.21.30:619][  0]LogConfig: Applying CVar settings from Section [/Script/Engine.GarbageCollectionSettings] File [C:/Users/PC/Documents/GitHub/Projekt1---labirynt-z-kulk-/NiePatrycjaPilarz/Saved/Config/Windows/Engine.ini]
[2023.01.18-18.21.30:619][  0]LogConfig: Setting CVar [[gc.MaxObjectsNotConsideredByGC:1]]
[2023.01.18-18.21.30:619][  0]LogConfig: Setting CVar [[gc.SizeOfPermanentObjectPool:0]]
[2023.01.18-18.21.30:619][  0]LogConfig: Setting CVar [[gc.FlushStreamingOnGC:0]]
[2023.01.18-18.21.30:619][  0]LogConfig: Setting CVar [[gc.NumRetriesBeforeForcingGC:10]]
[2023.01.18-18.21.30:619][  0]LogConfig: Setting CVar [[gc.AllowParallelGC:1]]
[2023.01.18-18.21.30:619][  0]LogConfig: Setting CVar [[gc.TimeBetweenPurgingPendingKillObjects:61.1]]
[2023.01.18-18.21.30:619][  0]LogConfig: Setting CVar [[gc.MaxObjectsInEditor:25165824]]
[2023.01.18-18.21.30:619][  0]LogConfig: Setting CVar [[gc.IncrementalBeginDestroyEnabled:1]]
[2023.01.18-18.21.30:619][  0]LogConfig: Setting CVar [[gc.CreateGCClusters:1]]
[2023.01.18-18.21.30:619][  0]LogConfig: Setting CVar [[gc.MinGCClusterSize:5]]
[2023.01.18-18.21.30:619][  0]LogConfig: Setting CVar [[gc.ActorClusteringEnabled:0]]
[2023.01.18-18.21.30:619][  0]LogConfig: Setting CVar [[gc.BlueprintClusteringEnabled:0]]
[2023.01.18-18.21.30:619][  0]LogConfig: Setting CVar [[gc.UseDisregardForGCOnDedicatedServers:0]]
[2023.01.18-18.21.30:619][  0]LogConfig: Setting CVar [[gc.MultithreadedDestructionEnabled:1]]
[2023.01.18-18.21.30:619][  0]LogConfig: Applying CVar settings from Section [/Script/Engine.NetworkSettings] File [C:/Users/PC/Documents/GitHub/Projekt1---labirynt-z-kulk-/NiePatrycjaPilarz/Saved/Config/Windows/Engine.ini]
[2023.01.18-18.21.30:619][  0]LogConfig: Applying CVar settings from Section [/Script/UnrealEd.CookerSettings] File [C:/Users/PC/Documents/GitHub/Projekt1---labirynt-z-kulk-/NiePatrycjaPilarz/Saved/Config/Windows/Engine.ini]
[2023.01.18-18.21.30:623][  0]LogConfig: Applying CVar settings from Section [ViewDistanceQuality@3] File [C:/Users/PC/Documents/GitHub/Projekt1---labirynt-z-kulk-/NiePatrycjaPilarz/Saved/Config/Windows/Scalability.ini]
[2023.01.18-18.21.30:623][  0]LogConfig: Setting CVar [[r.SkeletalMeshLODBias:0]]
[2023.01.18-18.21.30:623][  0]LogConfig: Setting CVar [[r.ViewDistanceScale:1.0]]
[2023.01.18-18.21.30:623][  0]LogConfig: Applying CVar settings from Section [AntiAliasingQuality@3] File [C:/Users/PC/Documents/GitHub/Projekt1---labirynt-z-kulk-/NiePatrycjaPilarz/Saved/Config/Windows/Scalability.ini]
[2023.01.18-18.21.30:623][  0]LogConfig: Setting CVar [[r.PostProcessAAQuality:4]]
[2023.01.18-18.21.30:623][  0]LogConfig: Applying CVar settings from Section [ShadowQuality@3] File [C:/Users/PC/Documents/GitHub/Projekt1---labirynt-z-kulk-/NiePatrycjaPilarz/Saved/Config/Windows/Scalability.ini]
[2023.01.18-18.21.30:623][  0]LogConfig: Setting CVar [[r.LightFunctionQuality:1]]
[2023.01.18-18.21.30:623][  0]LogConfig: Setting CVar [[r.ShadowQuality:5]]
[2023.01.18-18.21.30:623][  0]LogConfig: Setting CVar [[r.Shadow.CSM.MaxCascades:10]]
[2023.01.18-18.21.30:623][  0]LogConfig: Setting CVar [[r.Shadow.MaxResolution:2048]]
[2023.01.18-18.21.30:623][  0]LogConfig: Setting CVar [[r.Shadow.MaxCSMResolution:2048]]
[2023.01.18-18.21.30:623][  0]LogConfig: Setting CVar [[r.Shadow.RadiusThreshold:0.01]]
[2023.01.18-18.21.30:623][  0]LogConfig: Setting CVar [[r.Shadow.DistanceScale:1.0]]
[2023.01.18-18.21.30:623][  0]LogConfig: Setting CVar [[r.Shadow.CSM.TransitionScale:1.0]]
[2023.01.18-18.21.30:623][  0]LogConfig: Setting CVar [[r.Shadow.PreShadowResolutionFactor:1.0]]
[2023.01.18-18.21.30:623][  0]LogConfig: Setting CVar [[r.DistanceFieldShadowing:1]]
[2023.01.18-18.21.30:623][  0]LogConfig: Setting CVar [[r.DistanceFieldAO:1]]
[2023.01.18-18.21.30:623][  0]LogConfig: Setting CVar [[r.AOQuality:2]]
[2023.01.18-18.21.30:623][  0]LogConfig: Setting CVar [[r.VolumetricFog:1]]
[2023.01.18-18.21.30:623][  0]LogConfig: Setting CVar [[r.VolumetricFog.GridPixelSize:8]]
[2023.01.18-18.21.30:623][  0]LogConfig: Setting CVar [[r.VolumetricFog.GridSizeZ:128]]
[2023.01.18-18.21.30:623][  0]LogConfig: Setting CVar [[r.VolumetricFog.HistoryMissSupersampleCount:4]]
[2023.01.18-18.21.30:623][  0]LogConfig: Setting CVar [[r.LightMaxDrawDistanceScale:1]]
[2023.01.18-18.21.30:623][  0]LogConfig: Setting CVar [[r.CapsuleShadows:1]]
[2023.01.18-18.21.30:623][  0]LogConfig: Applying CVar settings from Section [PostProcessQuality@3] File [C:/Users/PC/Documents/GitHub/Projekt1---labirynt-z-kulk-/NiePatrycjaPilarz/Saved/Config/Windows/Scalability.ini]
[2023.01.18-18.21.30:623][  0]LogConfig: Setting CVar [[r.MotionBlurQuality:4]]
[2023.01.18-18.21.30:623][  0]LogConfig: Setting CVar [[r.AmbientOcclusionMipLevelFactor:0.4]]
[2023.01.18-18.21.30:623][  0]LogConfig: Setting CVar [[r.AmbientOcclusionMaxQuality:100]]
[2023.01.18-18.21.30:623][  0]LogConfig: Setting CVar [[r.AmbientOcclusionLevels:-1]]
[2023.01.18-18.21.30:623][  0]LogConfig: Setting CVar [[r.AmbientOcclusionRadiusScale:1.0]]
[2023.01.18-18.21.30:623][  0]LogConfig: Setting CVar [[r.DepthOfFieldQuality:2]]
[2023.01.18-18.21.30:623][  0]LogConfig: Setting CVar [[r.RenderTargetPoolMin:400]]
[2023.01.18-18.21.30:623][  0]LogConfig: Setting CVar [[r.LensFlareQuality:2]]
[2023.01.18-18.21.30:623][  0]LogConfig: Setting CVar [[r.SceneColorFringeQuality:1]]
[2023.01.18-18.21.30:623][  0]LogConfig: Setting CVar [[r.EyeAdaptationQuality:2]]
[2023.01.18-18.21.30:623][  0]LogConfig: Setting CVar [[r.BloomQuality:5]]
[2023.01.18-18.21.30:623][  0]LogConfig: Setting CVar [[r.FastBlurThreshold:100]]
[2023.01.18-18.21.30:623][  0]LogConfig: Setting CVar [[r.Upscale.Quality:3]]
[2023.01.18-18.21.30:623][  0]LogConfig: Setting CVar [[r.Tonemapper.GrainQuantization:1]]
[2023.01.18-18.21.30:623][  0]LogConfig: Setting CVar [[r.LightShaftQuality:1]]
[2023.01.18-18.21.30:623][  0]LogConfig: Setting CVar [[r.Filter.SizeScale:1]]
[2023.01.18-18.21.30:623][  0]LogConfig: Setting CVar [[r.Tonemapper.Quality:5]]
[2023.01.18-18.21.30:623][  0]LogConfig: Setting CVar [[r.DOF.Gather.AccumulatorQuality:1        ; higher gathering accumulator quality]]
[2023.01.18-18.21.30:623][  0]LogConfig: Setting CVar [[r.DOF.Gather.PostfilterMethod:1          ; Median3x3 postfilering method]]
[2023.01.18-18.21.30:623][  0]LogConfig: Setting CVar [[r.DOF.Gather.EnableBokehSettings:0       ; no bokeh simulation when gathering]]
[2023.01.18-18.21.30:623][  0]LogConfig: Setting CVar [[r.DOF.Gather.RingCount:4                 ; medium number of samples when gathering]]
[2023.01.18-18.21.30:623][  0]LogConfig: Setting CVar [[r.DOF.Scatter.ForegroundCompositing:1    ; additive foreground scattering]]
[2023.01.18-18.21.30:623][  0]LogConfig: Setting CVar [[r.DOF.Scatter.BackgroundCompositing:2    ; additive background scattering]]
[2023.01.18-18.21.30:623][  0]LogConfig: Setting CVar [[r.DOF.Scatter.EnableBokehSettings:1      ; bokeh simulation when scattering]]
[2023.01.18-18.21.30:623][  0]LogConfig: Setting CVar [[r.DOF.Scatter.MaxSpriteRatio:0.1         ; only a maximum of 10% of scattered bokeh]]
[2023.01.18-18.21.30:623][  0]LogConfig: Setting CVar [[r.DOF.Recombine.Quality:1                ; cheap slight out of focus]]
[2023.01.18-18.21.30:623][  0]LogConfig: Setting CVar [[r.DOF.Recombine.EnableBokehSettings:0    ; no bokeh simulation on slight out of focus]]
[2023.01.18-18.21.30:623][  0]LogConfig: Setting CVar [[r.DOF.TemporalAAQuality:1                ; more stable temporal accumulation]]
[2023.01.18-18.21.30:623][  0]LogConfig: Setting CVar [[r.DOF.Kernel.MaxForegroundRadius:0.025]]
[2023.01.18-18.21.30:623][  0]LogConfig: Setting CVar [[r.DOF.Kernel.MaxBackgroundRadius:0.025]]
[2023.01.18-18.21.30:624][  0]LogConfig: Applying CVar settings from Section [TextureQuality@3] File [C:/Users/PC/Documents/GitHub/Projekt1---labirynt-z-kulk-/NiePatrycjaPilarz/Saved/Config/Windows/Scalability.ini]
[2023.01.18-18.21.30:624][  0]LogConfig: Setting CVar [[r.Streaming.MipBias:0]]
[2023.01.18-18.21.30:624][  0]LogConfig: Setting CVar [[r.Streaming.AmortizeCPUToGPUCopy:0]]
[2023.01.18-18.21.30:624][  0]LogConfig: Setting CVar [[r.Streaming.MaxNumTexturesToStreamPerFrame:0]]
[2023.01.18-18.21.30:624][  0]LogConfig: Setting CVar [[r.Streaming.Boost:1]]
[2023.01.18-18.21.30:624][  0]LogConfig: Setting CVar [[r.MaxAnisotropy:8]]
[2023.01.18-18.21.30:624][  0]LogConfig: Setting CVar [[r.VT.MaxAnisotropy:8]]
[2023.01.18-18.21.30:624][  0]LogConfig: Setting CVar [[r.Streaming.LimitPoolSizeToVRAM:0]]
[2023.01.18-18.21.30:624][  0]LogConfig: Setting CVar [[r.Streaming.PoolSize:1000]]
[2023.01.18-18.21.30:624][  0]LogConfig: Setting CVar [[r.Streaming.MaxEffectiveScreenSize:0]]
[2023.01.18-18.21.30:624][  0]LogConfig: Applying CVar settings from Section [EffectsQuality@3] File [C:/Users/PC/Documents/GitHub/Projekt1---labirynt-z-kulk-/NiePatrycjaPilarz/Saved/Config/Windows/Scalability.ini]
[2023.01.18-18.21.30:624][  0]LogConfig: Setting CVar [[r.TranslucencyLightingVolumeDim:64]]
[2023.01.18-18.21.30:624][  0]LogConfig: Setting CVar [[r.RefractionQuality:2]]
[2023.01.18-18.21.30:624][  0]LogConfig: Setting CVar [[r.SSR.Quality:3]]
[2023.01.18-18.21.30:624][  0]LogConfig: Setting CVar [[r.SSR.HalfResSceneColor:0]]
[2023.01.18-18.21.30:624][  0]LogConfig: Setting CVar [[r.SceneColorFormat:4]]
[2023.01.18-18.21.30:624][  0]LogConfig: Setting CVar [[r.DetailMode:2]]
[2023.01.18-18.21.30:624][  0]LogConfig: Setting CVar [[r.TranslucencyVolumeBlur:1]]
[2023.01.18-18.21.30:624][  0]LogConfig: Setting CVar [[r.MaterialQualityLevel:1 ; High quality]]
[2023.01.18-18.21.30:624][  0]LogConfig: Setting CVar [[r.AnisotropicMaterials:1]]
[2023.01.18-18.21.30:624][  0]LogConfig: Setting CVar [[r.SSS.Scale:1]]
[2023.01.18-18.21.30:624][  0]LogConfig: Setting CVar [[r.SSS.SampleSet:2]]
[2023.01.18-18.21.30:624][  0]LogConfig: Setting CVar [[r.SSS.Quality:1]]
[2023.01.18-18.21.30:624][  0]LogConfig: Setting CVar [[r.SSS.HalfRes:0]]
[2023.01.18-18.21.30:624][  0]LogConfig: Setting CVar [[r.SSGI.Quality:3]]
[2023.01.18-18.21.30:624][  0]LogConfig: Setting CVar [[r.EmitterSpawnRateScale:1.0]]
[2023.01.18-18.21.30:624][  0]LogConfig: Setting CVar [[r.ParticleLightQuality:2]]
[2023.01.18-18.21.30:624][  0]LogConfig: Setting CVar [[r.SkyAtmosphere.AerialPerspectiveLUT.FastApplyOnOpaque:1 ; Always have FastSkyLUT 1 in this case to avoid wrong sky]]
[2023.01.18-18.21.30:624][  0]LogConfig: Setting CVar [[r.SkyAtmosphere.AerialPerspectiveLUT.SampleCountMaxPerSlice:4]]
[2023.01.18-18.21.30:624][  0]LogConfig: Setting CVar [[r.SkyAtmosphere.AerialPerspectiveLUT.DepthResolution:16.0]]
[2023.01.18-18.21.30:624][  0]LogConfig: Setting CVar [[r.SkyAtmosphere.FastSkyLUT:1]]
[2023.01.18-18.21.30:624][  0]LogConfig: Setting CVar [[r.SkyAtmosphere.FastSkyLUT.SampleCountMin:4.0]]
[2023.01.18-18.21.30:624][  0]LogConfig: Setting CVar [[r.SkyAtmosphere.FastSkyLUT.SampleCountMax:128.0]]
[2023.01.18-18.21.30:624][  0]LogConfig: Setting CVar [[r.SkyAtmosphere.SampleCountMin:4.0]]
[2023.01.18-18.21.30:624][  0]LogConfig: Setting CVar [[r.SkyAtmosphere.SampleCountMax:128.0]]
[2023.01.18-18.21.30:624][  0]LogConfig: Setting CVar [[r.SkyAtmosphere.TransmittanceLUT.UseSmallFormat:0]]
[2023.01.18-18.21.30:624][  0]LogConfig: Setting CVar [[r.SkyAtmosphere.TransmittanceLUT.SampleCount:10.0]]
[2023.01.18-18.21.30:624][  0]LogConfig: Setting CVar [[r.SkyAtmosphere.MultiScatteringLUT.SampleCount:15.0]]
[2023.01.18-18.21.30:624][  0]LogConfig: Setting CVar [[r.SkyLight.RealTimeReflectionCapture:1]]
[2023.01.18-18.21.30:624][  0]LogConfig: Applying CVar settings from Section [FoliageQuality@3] File [C:/Users/PC/Documents/GitHub/Projekt1---labirynt-z-kulk-/NiePatrycjaPilarz/Saved/Config/Windows/Scalability.ini]
[2023.01.18-18.21.30:624][  0]LogConfig: Setting CVar [[foliage.DensityScale:1.0]]
[2023.01.18-18.21.30:624][  0]LogConfig: Setting CVar [[grass.DensityScale:1.0]]
[2023.01.18-18.21.30:624][  0]LogConfig: Applying CVar settings from Section [ShadingQuality@3] File [C:/Users/PC/Documents/GitHub/Projekt1---labirynt-z-kulk-/NiePatrycjaPilarz/Saved/Config/Windows/Scalability.ini]
[2023.01.18-18.21.30:624][  0]LogConfig: Setting CVar [[r.HairStrands.SkyLighting.IntegrationType:2]]
[2023.01.18-18.21.30:624][  0]LogConfig: Setting CVar [[r.HairStrands.SkyAO.SampleCount:4]]
[2023.01.18-18.21.30:624][  0]LogConfig: Setting CVar [[r.HairStrands.Visibility.MSAA.SamplePerPixel:4]]
[2023.01.18-18.21.30:624][  0]LogInit: Selected Device Profile: [Windows]
[2023.01.18-18.21.30:624][  0]LogInit: Applying CVar settings loaded from the selected device profile: [Windows]
[2023.01.18-18.21.30:624][  0]LogHAL: Display: Platform has ~ 16 GB [17114869760 / 17179869184 / 16], which maps to Larger [LargestMinGB=32, LargerMinGB=12, DefaultMinGB=8, SmallerMinGB=6, SmallestMinGB=0)
[2023.01.18-18.21.30:624][  0]LogInit: Going up to parent DeviceProfile []
[2023.01.18-18.21.30:624][  0]LogConfig: Applying CVar settings from Section [ViewDistanceQuality@3] File [C:/Users/PC/Documents/GitHub/Projekt1---labirynt-z-kulk-/NiePatrycjaPilarz/Saved/Config/Windows/Scalability.ini]
[2023.01.18-18.21.30:624][  0]LogConfig: Setting CVar [[r.SkeletalMeshLODBias:0]]
[2023.01.18-18.21.30:624][  0]LogConfig: Setting CVar [[r.ViewDistanceScale:1.0]]
[2023.01.18-18.21.30:624][  0]LogConfig: Applying CVar settings from Section [AntiAliasingQuality@3] File [C:/Users/PC/Documents/GitHub/Projekt1---labirynt-z-kulk-/NiePatrycjaPilarz/Saved/Config/Windows/Scalability.ini]
[2023.01.18-18.21.30:624][  0]LogConfig: Setting CVar [[r.PostProcessAAQuality:4]]
[2023.01.18-18.21.30:624][  0]LogConfig: Applying CVar settings from Section [ShadowQuality@3] File [C:/Users/PC/Documents/GitHub/Projekt1---labirynt-z-kulk-/NiePatrycjaPilarz/Saved/Config/Windows/Scalability.ini]
[2023.01.18-18.21.30:624][  0]LogConfig: Setting CVar [[r.LightFunctionQuality:1]]
[2023.01.18-18.21.30:624][  0]LogConfig: Setting CVar [[r.ShadowQuality:5]]
[2023.01.18-18.21.30:624][  0]LogConfig: Setting CVar [[r.Shadow.CSM.MaxCascades:10]]
[2023.01.18-18.21.30:624][  0]LogConfig: Setting CVar [[r.Shadow.MaxResolution:2048]]
[2023.01.18-18.21.30:624][  0]LogConfig: Setting CVar [[r.Shadow.MaxCSMResolution:2048]]
[2023.01.18-18.21.30:624][  0]LogConfig: Setting CVar [[r.Shadow.RadiusThreshold:0.01]]
[2023.01.18-18.21.30:624][  0]LogConfig: Setting CVar [[r.Shadow.DistanceScale:1.0]]
[2023.01.18-18.21.30:624][  0]LogConfig: Setting CVar [[r.Shadow.CSM.TransitionScale:1.0]]
[2023.01.18-18.21.30:624][  0]LogConfig: Setting CVar [[r.Shadow.PreShadowResolutionFactor:1.0]]
[2023.01.18-18.21.30:624][  0]LogConfig: Setting CVar [[r.DistanceFieldShadowing:1]]
[2023.01.18-18.21.30:624][  0]LogConfig: Setting CVar [[r.DistanceFieldAO:1]]
[2023.01.18-18.21.30:624][  0]LogConfig: Setting CVar [[r.AOQuality:2]]
[2023.01.18-18.21.30:624][  0]LogConfig: Setting CVar [[r.VolumetricFog:1]]
[2023.01.18-18.21.30:624][  0]LogConfig: Setting CVar [[r.VolumetricFog.GridPixelSize:8]]
[2023.01.18-18.21.30:624][  0]LogConfig: Setting CVar [[r.VolumetricFog.GridSizeZ:128]]
[2023.01.18-18.21.30:624][  0]LogConfig: Setting CVar [[r.VolumetricFog.HistoryMissSupersampleCount:4]]
[2023.01.18-18.21.30:624][  0]LogConfig: Setting CVar [[r.LightMaxDrawDistanceScale:1]]
[2023.01.18-18.21.30:624][  0]LogConfig: Setting CVar [[r.CapsuleShadows:1]]
[2023.01.18-18.21.30:624][  0]LogConfig: Applying CVar settings from Section [PostProcessQuality@3] File [C:/Users/PC/Documents/GitHub/Projekt1---labirynt-z-kulk-/NiePatrycjaPilarz/Saved/Config/Windows/Scalability.ini]
[2023.01.18-18.21.30:624][  0]LogConfig: Setting CVar [[r.MotionBlurQuality:4]]
[2023.01.18-18.21.30:624][  0]LogConfig: Setting CVar [[r.AmbientOcclusionMipLevelFactor:0.4]]
[2023.01.18-18.21.30:624][  0]LogConfig: Setting CVar [[r.AmbientOcclusionMaxQuality:100]]
[2023.01.18-18.21.30:624][  0]LogConfig: Setting CVar [[r.AmbientOcclusionLevels:-1]]
[2023.01.18-18.21.30:624][  0]LogConfig: Setting CVar [[r.AmbientOcclusionRadiusScale:1.0]]
[2023.01.18-18.21.30:624][  0]LogConfig: Setting CVar [[r.DepthOfFieldQuality:2]]
[2023.01.18-18.21.30:624][  0]LogConfig: Setting CVar [[r.RenderTargetPoolMin:400]]
[2023.01.18-18.21.30:624][  0]LogConfig: Setting CVar [[r.LensFlareQuality:2]]
[2023.01.18-18.21.30:624][  0]LogConfig: Setting CVar [[r.SceneColorFringeQuality:1]]
[2023.01.18-18.21.30:624][  0]LogConfig: Setting CVar [[r.EyeAdaptationQuality:2]]
[2023.01.18-18.21.30:624][  0]LogConfig: Setting CVar [[r.BloomQuality:5]]
[2023.01.18-18.21.30:624][  0]LogConfig: Setting CVar [[r.FastBlurThreshold:100]]
[2023.01.18-18.21.30:624][  0]LogConfig: Setting CVar [[r.Upscale.Quality:3]]
[2023.01.18-18.21.30:624][  0]LogConfig: Setting CVar [[r.Tonemapper.GrainQuantization:1]]
[2023.01.18-18.21.30:624][  0]LogConfig: Setting CVar [[r.LightShaftQuality:1]]
[2023.01.18-18.21.30:624][  0]LogConfig: Setting CVar [[r.Filter.SizeScale:1]]
[2023.01.18-18.21.30:624][  0]LogConfig: Setting CVar [[r.Tonemapper.Quality:5]]
[2023.01.18-18.21.30:624][  0]LogConfig: Setting CVar [[r.DOF.Gather.AccumulatorQuality:1        ; higher gathering accumulator quality]]
[2023.01.18-18.21.30:624][  0]LogConfig: Setting CVar [[r.DOF.Gather.PostfilterMethod:1          ; Median3x3 postfilering method]]
[2023.01.18-18.21.30:624][  0]LogConfig: Setting CVar [[r.DOF.Gather.EnableBokehSettings:0       ; no bokeh simulation when gathering]]
[2023.01.18-18.21.30:624][  0]LogConfig: Setting CVar [[r.DOF.Gather.RingCount:4                 ; medium number of samples when gathering]]
[2023.01.18-18.21.30:624][  0]LogConfig: Setting CVar [[r.DOF.Scatter.ForegroundCompositing:1    ; additive foreground scattering]]
[2023.01.18-18.21.30:624][  0]LogConfig: Setting CVar [[r.DOF.Scatter.BackgroundCompositing:2    ; additive background scattering]]
[2023.01.18-18.21.30:624][  0]LogConfig: Setting CVar [[r.DOF.Scatter.EnableBokehSettings:1      ; bokeh simulation when scattering]]
[2023.01.18-18.21.30:624][  0]LogConfig: Setting CVar [[r.DOF.Scatter.MaxSpriteRatio:0.1         ; only a maximum of 10% of scattered bokeh]]
[2023.01.18-18.21.30:624][  0]LogConfig: Setting CVar [[r.DOF.Recombine.Quality:1                ; cheap slight out of focus]]
[2023.01.18-18.21.30:624][  0]LogConfig: Setting CVar [[r.DOF.Recombine.EnableBokehSettings:0    ; no bokeh simulation on slight out of focus]]
[2023.01.18-18.21.30:624][  0]LogConfig: Setting CVar [[r.DOF.TemporalAAQuality:1                ; more stable temporal accumulation]]
[2023.01.18-18.21.30:624][  0]LogConfig: Setting CVar [[r.DOF.Kernel.MaxForegroundRadius:0.025]]
[2023.01.18-18.21.30:624][  0]LogConfig: Setting CVar [[r.DOF.Kernel.MaxBackgroundRadius:0.025]]
[2023.01.18-18.21.30:625][  0]LogConfig: Applying CVar settings from Section [TextureQuality@3] File [C:/Users/PC/Documents/GitHub/Projekt1---labirynt-z-kulk-/NiePatrycjaPilarz/Saved/Config/Windows/Scalability.ini]
[2023.01.18-18.21.30:625][  0]LogConfig: Setting CVar [[r.Streaming.MipBias:0]]
[2023.01.18-18.21.30:625][  0]LogConfig: Setting CVar [[r.Streaming.AmortizeCPUToGPUCopy:0]]
[2023.01.18-18.21.30:625][  0]LogConfig: Setting CVar [[r.Streaming.MaxNumTexturesToStreamPerFrame:0]]
[2023.01.18-18.21.30:625][  0]LogConfig: Setting CVar [[r.Streaming.Boost:1]]
[2023.01.18-18.21.30:625][  0]LogConfig: Setting CVar [[r.MaxAnisotropy:8]]
[2023.01.18-18.21.30:625][  0]LogConfig: Setting CVar [[r.VT.MaxAnisotropy:8]]
[2023.01.18-18.21.30:625][  0]LogConfig: Setting CVar [[r.Streaming.LimitPoolSizeToVRAM:0]]
[2023.01.18-18.21.30:625][  0]LogConfig: Setting CVar [[r.Streaming.PoolSize:1000]]
[2023.01.18-18.21.30:625][  0]LogConfig: Setting CVar [[r.Streaming.MaxEffectiveScreenSize:0]]
[2023.01.18-18.21.30:625][  0]LogConfig: Applying CVar settings from Section [EffectsQuality@3] File [C:/Users/PC/Documents/GitHub/Projekt1---labirynt-z-kulk-/NiePatrycjaPilarz/Saved/Config/Windows/Scalability.ini]
[2023.01.18-18.21.30:625][  0]LogConfig: Setting CVar [[r.TranslucencyLightingVolumeDim:64]]
[2023.01.18-18.21.30:625][  0]LogConfig: Setting CVar [[r.RefractionQuality:2]]
[2023.01.18-18.21.30:625][  0]LogConfig: Setting CVar [[r.SSR.Quality:3]]
[2023.01.18-18.21.30:625][  0]LogConfig: Setting CVar [[r.SSR.HalfResSceneColor:0]]
[2023.01.18-18.21.30:625][  0]LogConfig: Setting CVar [[r.SceneColorFormat:4]]
[2023.01.18-18.21.30:625][  0]LogConfig: Setting CVar [[r.DetailMode:2]]
[2023.01.18-18.21.30:625][  0]LogConfig: Setting CVar [[r.TranslucencyVolumeBlur:1]]
[2023.01.18-18.21.30:625][  0]LogConfig: Setting CVar [[r.MaterialQualityLevel:1 ; High quality]]
[2023.01.18-18.21.30:625][  0]LogConfig: Setting CVar [[r.AnisotropicMaterials:1]]
[2023.01.18-18.21.30:625][  0]LogConfig: Setting CVar [[r.SSS.Scale:1]]
[2023.01.18-18.21.30:625][  0]LogConfig: Setting CVar [[r.SSS.SampleSet:2]]
[2023.01.18-18.21.30:625][  0]LogConfig: Setting CVar [[r.SSS.Quality:1]]
[2023.01.18-18.21.30:625][  0]LogConfig: Setting CVar [[r.SSS.HalfRes:0]]
[2023.01.18-18.21.30:625][  0]LogConfig: Setting CVar [[r.SSGI.Quality:3]]
[2023.01.18-18.21.30:625][  0]LogConfig: Setting CVar [[r.EmitterSpawnRateScale:1.0]]
[2023.01.18-18.21.30:625][  0]LogConfig: Setting CVar [[r.ParticleLightQuality:2]]
[2023.01.18-18.21.30:625][  0]LogConfig: Setting CVar [[r.SkyAtmosphere.AerialPerspectiveLUT.FastApplyOnOpaque:1 ; Always have FastSkyLUT 1 in this case to avoid wrong sky]]
[2023.01.18-18.21.30:625][  0]LogConfig: Setting CVar [[r.SkyAtmosphere.AerialPerspectiveLUT.SampleCountMaxPerSlice:4]]
[2023.01.18-18.21.30:625][  0]LogConfig: Setting CVar [[r.SkyAtmosphere.AerialPerspectiveLUT.DepthResolution:16.0]]
[2023.01.18-18.21.30:625][  0]LogConfig: Setting CVar [[r.SkyAtmosphere.FastSkyLUT:1]]
[2023.01.18-18.21.30:625][  0]LogConfig: Setting CVar [[r.SkyAtmosphere.FastSkyLUT.SampleCountMin:4.0]]
[2023.01.18-18.21.30:625][  0]LogConfig: Setting CVar [[r.SkyAtmosphere.FastSkyLUT.SampleCountMax:128.0]]
[2023.01.18-18.21.30:625][  0]LogConfig: Setting CVar [[r.SkyAtmosphere.SampleCountMin:4.0]]
[2023.01.18-18.21.30:625][  0]LogConfig: Setting CVar [[r.SkyAtmosphere.SampleCountMax:128.0]]
[2023.01.18-18.21.30:625][  0]LogConfig: Setting CVar [[r.SkyAtmosphere.TransmittanceLUT.UseSmallFormat:0]]
[2023.01.18-18.21.30:625][  0]LogConfig: Setting CVar [[r.SkyAtmosphere.TransmittanceLUT.SampleCount:10.0]]
[2023.01.18-18.21.30:625][  0]LogConfig: Setting CVar [[r.SkyAtmosphere.MultiScatteringLUT.SampleCount:15.0]]
[2023.01.18-18.21.30:625][  0]LogConfig: Setting CVar [[r.SkyLight.RealTimeReflectionCapture:1]]
[2023.01.18-18.21.30:625][  0]LogConfig: Applying CVar settings from Section [FoliageQuality@3] File [C:/Users/PC/Documents/GitHub/Projekt1---labirynt-z-kulk-/NiePatrycjaPilarz/Saved/Config/Windows/Scalability.ini]
[2023.01.18-18.21.30:625][  0]LogConfig: Setting CVar [[foliage.DensityScale:1.0]]
[2023.01.18-18.21.30:625][  0]LogConfig: Setting CVar [[grass.DensityScale:1.0]]
[2023.01.18-18.21.30:625][  0]LogConfig: Applying CVar settings from Section [ShadingQuality@3] File [C:/Users/PC/Documents/GitHub/Projekt1---labirynt-z-kulk-/NiePatrycjaPilarz/Saved/Config/Windows/Scalability.ini]
[2023.01.18-18.21.30:625][  0]LogConfig: Setting CVar [[r.HairStrands.SkyLighting.IntegrationType:2]]
[2023.01.18-18.21.30:625][  0]LogConfig: Setting CVar [[r.HairStrands.SkyAO.SampleCount:4]]
[2023.01.18-18.21.30:625][  0]LogConfig: Setting CVar [[r.HairStrands.Visibility.MSAA.SamplePerPixel:4]]
[2023.01.18-18.21.30:625][  0]LogConfig: Applying CVar settings from Section [Startup] File [../../../Engine/Config/ConsoleVariables.ini]
[2023.01.18-18.21.30:625][  0]LogConfig: Setting CVar [[net.UseAdaptiveNetUpdateFrequency:0]]
[2023.01.18-18.21.30:625][  0]LogConfig: Setting CVar [[p.chaos.AllowCreatePhysxBodies:1]]
[2023.01.18-18.21.30:625][  0]LogConfig: Setting CVar [[fx.SkipVectorVMBackendOptimizations:1]]
[2023.01.18-18.21.30:625][  0]LogConfig: Applying CVar settings from Section [ConsoleVariables] File [C:/Users/PC/Documents/GitHub/Projekt1---labirynt-z-kulk-/NiePatrycjaPilarz/Saved/Config/Windows/Engine.ini]
[2023.01.18-18.21.30:625][  0]LogConfig: Applying CVar settings from Section [ConsoleVariables] File [C:/Users/PC/Documents/GitHub/Projekt1---labirynt-z-kulk-/NiePatrycjaPilarz/Saved/Config/Windows/Editor.ini]
[2023.01.18-18.21.30:625][  0]LogInit: Computer: MICHAŁ
[2023.01.18-18.21.30:625][  0]LogInit: User: PC
[2023.01.18-18.21.30:625][  0]LogInit: CPU Page size=4096, Cores=6
[2023.01.18-18.21.30:625][  0]LogInit: High frequency timer resolution =10.000000 MHz
[2023.01.18-18.21.30:625][  0]LogMemory: Memory total: Physical=15.9GB (16GB approx)
[2023.01.18-18.21.30:625][  0]LogMemory: Platform Memory Stats for Windows
[2023.01.18-18.21.30:625][  0]LogMemory: Process Physical Memory: 146.70 MB used, 146.71 MB peak
[2023.01.18-18.21.30:625][  0]LogMemory: Process Virtual Memory: 129.93 MB used, 129.93 MB peak
[2023.01.18-18.21.30:625][  0]LogMemory: Physical Memory: 11695.84 MB used,  4626.17 MB free, 16322.01 MB total
[2023.01.18-18.21.30:625][  0]LogMemory: Virtual Memory: 134210368.00 MB used,  7362.97 MB free, 134217728.00 MB total
[2023.01.18-18.21.30:630][  0]LogWindows: WindowsPlatformFeatures enabled
[2023.01.18-18.21.30:668][  0]LogInit: Physics initialised using underlying interface: PhysX
[2023.01.18-18.21.30:669][  0]LogInit: Using OS detected language (pl-PL).
[2023.01.18-18.21.30:669][  0]LogInit: Using OS detected locale (pl-PL).
[2023.01.18-18.21.30:671][  0]LogTextLocalizationManager: No specific localization for 'pl-PL' exists, so the 'pl' localization will be used.
[2023.01.18-18.21.30:672][  0]LogTextLocalizationResource: LocRes '../../../Engine/Content/Localization/Editor/pl/Editor.locres' could not be opened for reading!
[2023.01.18-18.21.30:672][  0]LogTextLocalizationResource: LocRes '../../../Engine/Content/Localization/EditorTutorials/pl/EditorTutorials.locres' could not be opened for reading!
[2023.01.18-18.21.30:672][  0]LogTextLocalizationResource: LocRes '../../../Engine/Content/Localization/Keywords/pl/Keywords.locres' could not be opened for reading!
[2023.01.18-18.21.30:672][  0]LogTextLocalizationResource: LocRes '../../../Engine/Content/Localization/Category/pl/Category.locres' could not be opened for reading!
[2023.01.18-18.21.30:672][  0]LogTextLocalizationResource: LocRes '../../../Engine/Content/Localization/ToolTips/pl/ToolTips.locres' could not be opened for reading!
[2023.01.18-18.21.30:672][  0]LogTextLocalizationResource: LocRes '../../../Engine/Content/Localization/PropertyNames/pl/PropertyNames.locres' could not be opened for reading!
[2023.01.18-18.21.30:672][  0]LogTextLocalizationResource: LocRes '../../../Engine/Content/Localization/Engine/pl/Engine.locres' could not be opened for reading!
[2023.01.18-18.21.30:673][  0]LogInit: Setting process to per monitor DPI aware
[2023.01.18-18.21.30:681][  0]LogWindowsTextInputMethodSystem: Display: IME system deactivated.
[2023.01.18-18.21.30:691][  0]LogSlate: New Slate User Created.  User Index 0, Is Virtual User: 0
[2023.01.18-18.21.30:691][  0]LogSlate: Slate User Registered.  User Index 0, Is Virtual User: 0
[2023.01.18-18.21.30:799][  0]LogD3D11RHI: Loaded GFSDK_Aftermath_Lib.x64.dll
[2023.01.18-18.21.30:801][  0]LogHMD: Failed to initialize OpenVR with code 110
[2023.01.18-18.21.30:801][  0]LogD3D11RHI: D3D11 min allowed feature level: 11_0
[2023.01.18-18.21.30:801][  0]LogD3D11RHI: D3D11 max allowed feature level: 11_0
[2023.01.18-18.21.30:801][  0]LogD3D11RHI: D3D11 adapters:
[2023.01.18-18.21.30:892][  0]LogD3D11RHI:    0. 'NVIDIA GeForce RTX 3060' (Feature Level 11_0)
[2023.01.18-18.21.30:892][  0]LogD3D11RHI:       12142/0/8161 MB DedicatedVideo/DedicatedSystem/SharedSystem, Outputs:1, VendorId:0x10de
[2023.01.18-18.21.30:894][  0]LogD3D11RHI:    1. 'Microsoft Basic Render Driver' (Feature Level 11_0)
[2023.01.18-18.21.30:894][  0]LogD3D11RHI:       0/0/8161 MB DedicatedVideo/DedicatedSystem/SharedSystem, Outputs:0, VendorId:0x1414
[2023.01.18-18.21.30:894][  0]LogD3D11RHI: Chosen D3D11 Adapter:
[2023.01.18-18.21.30:894][  0]LogD3D11RHI:     Description : NVIDIA GeForce RTX 3060
[2023.01.18-18.21.30:894][  0]LogD3D11RHI:     VendorId    : 10de
[2023.01.18-18.21.30:894][  0]LogD3D11RHI:     DeviceId    : 2503
[2023.01.18-18.21.30:894][  0]LogD3D11RHI:     SubSysId    : 40741458
[2023.01.18-18.21.30:894][  0]LogD3D11RHI:     Revision    : 00a1
[2023.01.18-18.21.30:894][  0]LogD3D11RHI:     DedicatedVideoMemory : 12731809792 bytes
[2023.01.18-18.21.30:894][  0]LogD3D11RHI:     DedicatedSystemMemory : 0 bytes
[2023.01.18-18.21.30:894][  0]LogD3D11RHI:     SharedSystemMemory : 8557434880 bytes
[2023.01.18-18.21.30:894][  0]LogD3D11RHI:     AdapterLuid : 0 55488
[2023.01.18-18.21.30:899][  0]LogD3D11RHI: Creating new Direct3DDevice
[2023.01.18-18.21.30:899][  0]LogD3D11RHI:     GPU DeviceId: 0x2503 (for the marketing name, search the web for "GPU Device Id")
[2023.01.18-18.21.30:899][  0]LogWindows: EnumDisplayDevices:
[2023.01.18-18.21.30:899][  0]LogWindows:    0. 'NVIDIA GeForce RTX 3060' (P:1 D:1)
[2023.01.18-18.21.30:900][  0]LogWindows:    1. 'NVIDIA GeForce RTX 3060' (P:0 D:0)
[2023.01.18-18.21.30:900][  0]LogWindows:    2. 'NVIDIA GeForce RTX 3060' (P:0 D:0)
[2023.01.18-18.21.30:900][  0]LogWindows:    3. 'NVIDIA GeForce RTX 3060' (P:0 D:0)
[2023.01.18-18.21.30:900][  0]LogWindows: DebugString: FoundDriverCount:4 
[2023.01.18-18.21.30:900][  0]LogD3D11RHI:     Adapter Name: NVIDIA GeForce RTX 3060
[2023.01.18-18.21.30:900][  0]LogD3D11RHI:   Driver Version: 516.94 (internal:31.0.15.1694, unified:516.94)
[2023.01.18-18.21.30:900][  0]LogD3D11RHI:      Driver Date: 7-21-2022
[2023.01.18-18.21.30:900][  0]LogRHI: Texture pool is 8499 MB (70% of 12142 MB)
[2023.01.18-18.21.30:900][  0]LogD3D11RHI: Creating D3DDevice using adapter:
[2023.01.18-18.21.30:900][  0]LogD3D11RHI:     Description : NVIDIA GeForce RTX 3060
[2023.01.18-18.21.30:900][  0]LogD3D11RHI:     VendorId    : 10de
[2023.01.18-18.21.30:900][  0]LogD3D11RHI:     DeviceId    : 2503
[2023.01.18-18.21.30:901][  0]LogD3D11RHI:     SubSysId    : 40741458
[2023.01.18-18.21.30:901][  0]LogD3D11RHI:     Revision    : 00a1
[2023.01.18-18.21.30:901][  0]LogD3D11RHI:     DedicatedVideoMemory : 12731809792 bytes
[2023.01.18-18.21.30:901][  0]LogD3D11RHI:     DedicatedSystemMemory : 0 bytes
[2023.01.18-18.21.30:901][  0]LogD3D11RHI:     SharedSystemMemory : 8557434880 bytes
[2023.01.18-18.21.30:901][  0]LogD3D11RHI:     AdapterLuid : 0 55488
[2023.01.18-18.21.30:947][  0]LogD3D11RHI: RHI has support for 64 bit atomics
[2023.01.18-18.21.30:947][  0]LogD3D11RHI: Async texture creation enabled
[2023.01.18-18.21.30:947][  0]LogD3D11RHI: Array index from any shader is supported
[2023.01.18-18.21.30:961][  0]LogD3D11RHI: GPU Timing Frequency: 1000.000000 (Debug: 2 1)
[2023.01.18-18.21.30:996][  0]LogRHI: GeForceNow SDK initialized: 1
[2023.01.18-18.21.31:226][  0]LogTargetPlatformManager: Display: Loaded TargetPlatform 'AllDesktop'
[2023.01.18-18.21.31:241][  0]LogTargetPlatformManager: Display: Loaded TargetPlatform 'Android'
[2023.01.18-18.21.31:241][  0]LogTargetPlatformManager: Display: Loaded TargetPlatform 'Android_ASTC'
[2023.01.18-18.21.31:241][  0]LogTargetPlatformManager: Display: Loaded TargetPlatform 'Android_DXT'
[2023.01.18-18.21.31:241][  0]LogTargetPlatformManager: Display: Loaded TargetPlatform 'Android_ETC2'
[2023.01.18-18.21.31:241][  0]LogTargetPlatformManager: Display: Loaded TargetPlatform 'AndroidClient'
[2023.01.18-18.21.31:241][  0]LogTargetPlatformManager: Display: Loaded TargetPlatform 'Android_ASTCClient'
[2023.01.18-18.21.31:241][  0]LogTargetPlatformManager: Display: Loaded TargetPlatform 'Android_DXTClient'
[2023.01.18-18.21.31:241][  0]LogTargetPlatformManager: Display: Loaded TargetPlatform 'Android_ETC2Client'
[2023.01.18-18.21.31:241][  0]LogTargetPlatformManager: Display: Loaded TargetPlatform 'Android_Multi'
[2023.01.18-18.21.31:241][  0]LogTargetPlatformManager: Display: Loaded TargetPlatform 'Android_MultiClient'
[2023.01.18-18.21.31:255][  0]LogTargetPlatformManager: Display: Loaded TargetPlatform 'IOSClient'
[2023.01.18-18.21.31:255][  0]LogTargetPlatformManager: Display: Loaded TargetPlatform 'IOS'
[2023.01.18-18.21.31:262][  0]LogTargetPlatformManager: Display: Loaded TargetPlatform 'Linux'
[2023.01.18-18.21.31:266][  0]LogTargetPlatformManager: Display: Loaded TargetPlatform 'LinuxNoEditor'
[2023.01.18-18.21.31:269][  0]LogTargetPlatformManager: Display: Loaded TargetPlatform 'LinuxClient'
[2023.01.18-18.21.31:273][  0]LogTargetPlatformManager: Display: Loaded TargetPlatform 'LinuxServer'
[2023.01.18-18.21.31:280][  0]LogTargetPlatformManager: Display: Loaded TargetPlatform 'LinuxAArch64NoEditor'
[2023.01.18-18.21.31:283][  0]LogTargetPlatformManager: Display: Loaded TargetPlatform 'LinuxAArch64Client'
[2023.01.18-18.21.31:287][  0]LogTargetPlatformManager: Display: Loaded TargetPlatform 'LinuxAArch64Server'
[2023.01.18-18.21.31:305][  0]LogTargetPlatformManager: Display: Loaded TargetPlatform 'Lumin'
[2023.01.18-18.21.31:305][  0]LogTargetPlatformManager: Display: Loaded TargetPlatform 'LuminClient'
[2023.01.18-18.21.31:311][  0]LogTargetPlatformManager: Display: Loaded TargetPlatform 'MacNoEditor'
[2023.01.18-18.21.31:314][  0]LogTargetPlatformManager: Display: Loaded TargetPlatform 'Mac'
[2023.01.18-18.21.31:318][  0]LogTargetPlatformManager: Display: Loaded TargetPlatform 'MacClient'
[2023.01.18-18.21.31:321][  0]LogTargetPlatformManager: Display: Loaded TargetPlatform 'MacServer'
[2023.01.18-18.21.31:329][  0]LogTargetPlatformManager: Display: Loaded TargetPlatform 'TVOSClient'
[2023.01.18-18.21.31:329][  0]LogTargetPlatformManager: Display: Loaded TargetPlatform 'TVOS'
[2023.01.18-18.21.31:335][  0]LogTargetPlatformManager: Display: Loaded TargetPlatform 'WindowsNoEditor'
[2023.01.18-18.21.31:339][  0]LogTargetPlatformManager: Display: Loaded TargetPlatform 'Windows'
[2023.01.18-18.21.31:343][  0]LogTargetPlatformManager: Display: Loaded TargetPlatform 'WindowsClient'
[2023.01.18-18.21.31:346][  0]LogTargetPlatformManager: Display: Loaded TargetPlatform 'WindowsServer'
[2023.01.18-18.21.31:346][  0]LogTargetPlatformManager: Display: Building Assets For Windows
[2023.01.18-18.21.31:352][  0]LogAudioDebug: Display: Lib vorbis DLL was dynamically loaded.
[2023.01.18-18.21.31:376][  0]LogTextureFormatOodle: Display: Oodle Texture 2.9.0 init RDO Off
[2023.01.18-18.21.31:400][  0]LogRendererCore: Ray tracing is disabled. Reason: r.RayTracing=0.
[2023.01.18-18.21.31:400][  0]LogShaderCompilers: Guid format shader working directory is -47 characters bigger than the processId version (../../../../../../Users/PC/Documents/GitHub/Projekt1---labirynt-z-kulk-/NiePatrycjaPilarz/Intermediate/Shaders/WorkingDirectory/21004/).
[2023.01.18-18.21.31:400][  0]LogShaderCompilers: Cleaned the shader compiler working directory 'C:/Users/PC/AppData/Local/Temp/UnrealShaderWorkingDir/F21661C846BE2D91C94AE4BBFA0D86E9/'.
[2023.01.18-18.21.31:400][  0]LogXGEController: Cannot use XGE Controller as Incredibuild is not installed on this machine.
[2023.01.18-18.21.31:401][  0]LogShaderCompilers: Cannot use XGE Shader Compiler as Incredibuild is not installed on this machine.
[2023.01.18-18.21.31:401][  0]LogShaderCompilers: Display: Using Local Shader Compiler.
[2023.01.18-18.21.32:001][  0]LogDerivedDataCache: Display: Max Cache Size: 512 MB
[2023.01.18-18.21.32:050][  0]LogDerivedDataCache: Loaded boot cache 0.05s 94MB C:/Users/PC/AppData/Local/UnrealEngine/4.27/DerivedDataCache/Boot.ddc.
[2023.01.18-18.21.32:050][  0]LogDerivedDataCache: Display: Loaded Boot cache: C:/Users/PC/AppData/Local/UnrealEngine/4.27/DerivedDataCache/Boot.ddc
[2023.01.18-18.21.32:050][  0]LogDerivedDataCache: FDerivedDataBackendGraph:  Pak pak cache file ../../../../../../Users/PC/Documents/GitHub/Projekt1---labirynt-z-kulk-/NiePatrycjaPilarz/DerivedDataCache/DDC.ddp not found, will not use a pak cache.
[2023.01.18-18.21.32:050][  0]LogDerivedDataCache: Unable to find inner node Pak for hierarchical cache Hierarchy.
[2023.01.18-18.21.32:050][  0]LogDerivedDataCache: FDerivedDataBackendGraph:  CompressedPak pak cache file ../../../../../../Users/PC/Documents/GitHub/Projekt1---labirynt-z-kulk-/NiePatrycjaPilarz/DerivedDataCache/Compressed.ddp not found, will not use a pak cache.
[2023.01.18-18.21.32:050][  0]LogDerivedDataCache: Unable to find inner node CompressedPak for hierarchical cache Hierarchy.
[2023.01.18-18.21.32:062][  0]LogDerivedDataCache: Display: Pak cache opened for reading ../../../Engine/DerivedDataCache/Compressed.ddp.
[2023.01.18-18.21.32:062][  0]LogDerivedDataCache: FDerivedDataBackendGraph:  EnterprisePak pak cache file ../../../Enterprise/DerivedDataCache/Compressed.ddp not found, will not use a pak cache.
[2023.01.18-18.21.32:063][  0]LogDerivedDataCache: Unable to find inner node EnterprisePak for hierarchical cache Hierarchy.
[2023.01.18-18.21.32:067][  0]LogDerivedDataCache: Speed tests for C:/Users/PC/AppData/Local/UnrealEngine/Common/DerivedDataCache took 0.00 seconds
[2023.01.18-18.21.32:067][  0]LogDerivedDataCache: Display: Performance to C:/Users/PC/AppData/Local/UnrealEngine/Common/DerivedDataCache: Latency=0.02ms. RandomReadSpeed=1517.86MBs, RandomWriteSpeed=278.56MBs. Assigned SpeedClass 'Local'
[2023.01.18-18.21.32:067][  0]LogDerivedDataCache: Using Local data cache path C:/Users/PC/AppData/Local/UnrealEngine/Common/DerivedDataCache: Writable
[2023.01.18-18.21.32:067][  0]LogDerivedDataCache: Shared data cache path not found in *engine.ini, will not use an Shared cache.
[2023.01.18-18.21.32:067][  0]LogDerivedDataCache: Unable to find inner node Shared for hierarchical cache Hierarchy.
[2023.01.18-18.21.32:105][  0]LogSlate: Using FreeType 2.10.0
[2023.01.18-18.21.32:105][  0]LogSlate: SlateFontServices - WITH_FREETYPE: 1, WITH_HARFBUZZ: 1
[2023.01.18-18.21.32:124][  0]LogAssetRegistry: FAssetRegistry took 0.0020 seconds to start up
[2023.01.18-18.21.32:306][  0]LogInit: Selected Device Profile: [Windows]
[2023.01.18-18.21.32:306][  0]LogInit: Active device profile: [000002078FFA3800][0000020780DF8D00 49] Windows
[2023.01.18-18.21.32:306][  0]LogInit: Profiles: [000002078FFA3800][0000020780DF8D00 49] Windows, [000002078FF18900][0000020788112FC0 49] WindowsNoEditor, [000002078FFA0A00][000002078BCB1280 49] WindowsServer, [000002078FF1B100][000002078BCB5540 49] WindowsClient, [000002078FFA3000][000002079038F800 49] IOS, [000002078FF19200][0000020790393AC0 49] iPadAir, [000002078FFA1100][0000020790396200 49] iPadAir2, [000002078FC0C200][000002079039E740 49] IPadPro, [000002078FC0BF00][0000020785854780 49] iPadAir3, [000002078FFA2C00][0000020785864A40 49] iPadAir4, [000002078FC08F00][00000207854CECC0 49] iPadMini2, [000002078FFA1400][0000020785860F40 49] iPadMini3, [000002078FC0AC00][0000020790801200 49] iPadMini4, [000002078FFA2500][000002079080D4C0 49] iPadMini5, [000002078FF1AB00][000002078DFCBA00 49] iPhone6, [000002078FF1AA00][000002078DFBBA40 49] iPodTouch6, [000002078FC09100][000002078BD0C400 49] iPhone7, [000002078FC09200][000002078DFC2440 49] iPodTouch7, [000002078FF18D00][000002078DFC6700 49] iPhone5S, [000002078FC08300][000002078DFBE9C0 49] iPhone6Plus, [000002078FF1A000][000002078BD08C80 49] iPhone6S, [000002078FC0B600][000002079039AF00 49] iPhone6SPlus, [000002078FF19100][000002078BD3D180 49] iPhone7Plus, [000002078FC0BD00][00000207854AF440 49] iPhoneSE, [000002078FF19800][00000207854B3700 49] iPhone8, [000002078FC0AA00][00000207854B79C0 49] iPhone8Plus, [000002078FF1A800][00000207854BA100 49] iPhoneX, [000002078FC09000][00000207854C63C0 49] iPhoneXS, [000002078FF1B200][00000207854CA680 49] iPhoneXSMax, [000002078FC08900][00000207858F8940 49] iPhoneXR, [000002078FF1B600][00000207858FCC00 49] iPhone11, [000002078FC0A100][0000020790532EC0 49] iPhone11Pro, [000002078FF1B300][000002078BD41140 49] iPhone11ProMax, [000002078FC0A400][00000207905453C0 49] iPhoneSE2, [000002078FF1BF00][000002079054D680 49] iPhone12Mini, [000002078FC0AD00][0000020790551940 49] iPhone12, [000002078FF19700][0000020790555C00 49] iPhone12Pro, [000002078FC09300][0000020790558340 49] iPhone12ProMax, [000002078FF19E00][000002079055C600 49] iPadPro105, [000002078FC0A300][00000207905608C0 49] iPadPro129, [000002078FF19B00][0000020790564B80 49] iPadPro97, [000002078FC0BB00][0000020790386E40 49] iPadPro2_129, [000002078FF1AC00][000002079038B100 49] iPad5, [000002078FC09600][0000020790549380 49] iPad6, [000002078FF19900][000002078BCF9640 49] iPad7, [000002078FC09B00][000002078BCFD900 49] iPad8, [000002078FF19A00][000002078BD05BC0 49] iPadPro11, [000002078FC09900][000002079057C300 49] iPadPro2_11, [000002078FF1BB00][00000207905805C0 49] iPadPro3_129, [000002078FC09C00][0000020790588880 49] iPadPro4_129, [000002078FF1B700][000002079058CB40 49] AppleTV, [000002078FC0BC00][0000020790590E00 49] AppleTV4K, [000002078FF1A200][00000207905950C0 49] TVOS, [000002078FC0BE00][000002078BCF5340 49] Mac, [000002078FF1A700][00000207905995C0 49] MacClient, [000002078FC0B500][0000020785899880 49] MacNoEditor, [000002078FF1B500][000002078589DB40 49] MacServer, [000002078FC0B100][00000207858A0280 49] Linux, [000002078FF19C00][00000207858A4540 49] LinuxAArch64, [000002078FC0B000][00000207858A8800 49] LinuxNoEditor, [000002078F081D00][00000207854C2AC0 49] LinuxAArch64NoEditor, [000002078FC0F800][00000207854BED80 49] LinuxClient, [000002078F081600][00000207907F9040 49] LinuxAArch64Client, [000002078FC0C600][00000207907FD300 49] LinuxServer, [000002078F082000][000002079059D580 49] LinuxAArch64Server, [000002078FC0CF00][0000020790585800 49] Android, [000002078F080300][00000207858ADAC0 49] Android_Low, [000002078FC0EA00][00000207858B0200 49] Android_Mid, [000002078F081400][00000207858B44C0 49] Android_High, [000002078FC0DA00][00000207858B8780 49] Android_Default, [000002078F081000][00000207858BCA40 49] Android_Adreno4xx, [000002078FC0CD00][00000207858C0D00 49] Android_Adreno5xx_Low, [000002078F081100][00000207858C4FC0 49] Android_Adreno5xx, [000002078FC0D800][00000207858C9280 49] Android_Adreno6xx, [000002078F080800][00000207858CD540 49] Android_Adreno6xx_Vulkan, [000002078FC0EF00][000002078BD017C0 49] Android_Mali_T6xx, [000002078F081A00][00000207858D1A40 49] Android_Mali_T7xx, [000002078FC0E800][0000020785470180 49] Android_Mali_T8xx, [000002078F081C00][0000020785474440 49] Android_Mali_G71, [000002078FC0CB00][0000020785478700 49] Android_Mali_G72, [000002078F081500][000002078547C9C0 49] Android_Mali_G72_Vulkan, [000002078FC0F300][0000020785480C80 49] Android_Mali_G76, [000002078F082200][0000020785484F40 49] Android_Mali_G76_Vulkan, [000002078FC0DC00][0000020785489200 49] Android_Mali_G77, [000002078FC08C00][000002078548D4C0 49] Android_Mali_G77_Vulkan, [000002078FF19500][0000020785491780 49] Android_Mali_G78, [000002078FC0AB00][000002078546DA00 49] Android_Mali_G78_Vulkan, [000002078FF18400][0000020785494100 49] Android_Mali_G710, [000002078FC0B200][000002078549C3C0 49] Android_Mali_G710_Vulkan, [000002078FF18F00][00000207854A0680 49] Android_Vulkan_SM5, [000002078FC0B800][00000207854A4940 49] Android_PowerVR_G6xxx, [000002078FF19400][00000207854A8C00 49] Android_PowerVR_GT7xxx, [000002078FC08700][000002079047CEC0 49] Android_PowerVR_GE8xxx, [000002078FF18300][0000020790481180 49] Android_PowerVR_GM9xxx, [000002078F081F00][0000020790485440 49] Android_PowerVR_GM9xxx_Vulkan, [000002078FF18E00][0000020790489700 49] Android_TegraK1, [000002078F080E00][000002079048D9C0 49] Android_Unknown_Vulkan, [000002078FF18600][00000207854980C0 49] Lumin, [000002078F082500][0000020790490340 49] Lumin_Desktop, [000002078FF1BE00][0000020790498600 49] HoloLens, 
[2023.01.18-18.21.32:408][  0]LogMeshReduction: Using QuadricMeshReduction for automatic static mesh reduction
[2023.01.18-18.21.32:408][  0]LogMeshReduction: Using SimplygonMeshReduction for automatic skeletal mesh reduction
[2023.01.18-18.21.32:408][  0]LogMeshReduction: Using ProxyLODMeshReduction for automatic mesh merging
[2023.01.18-18.21.32:408][  0]LogMeshReduction: No distributed automatic mesh merging module available
[2023.01.18-18.21.32:408][  0]LogMeshMerging: No distributed automatic mesh merging module available
[2023.01.18-18.21.32:419][  0]LogNetVersion: NiePatrycjaPilarz 1.0.0, NetCL: 17155196, EngineNetVer: 17, GameNetVer: 0 (Checksum: 3488316672)
[2023.01.18-18.21.32:687][  0]LogTexture: Default maximum texture size for cubemaps generated from long-lat sources has been changed from 512 to unlimited. In order to preserve old behaiour for '/Engine/MapTemplates/Sky/DaylightAmbientCubemap.DaylightAmbientCubemap', its maximum texture size has been explicitly set to 512.
[2023.01.18-18.21.32:727][  0]LogHMD: PokeAHoleMaterial loaded successfully
[2023.01.18-18.21.32:731][  0]LogUObjectArray: 17178 objects as part of root set at end of initial load.
[2023.01.18-18.21.32:731][  0]LogUObjectAllocator: 4302048 out of 0 bytes used by permanent object pool.
[2023.01.18-18.21.32:731][  0]LogUObjectArray: CloseDisregardForGC: 0/0 objects in disregard for GC pool
[2023.01.18-18.21.32:933][  0]LogNiagaraDebuggerClient: Niagara Debugger Client Initialized | Session: 5F02F30A41E247AED97619999C49EAFD | Instance: 665C9DA34C7E840EB15376BC1659F828 (MICHAŁ-21004).
[2023.01.18-18.21.33:026][  0]LogPython: Using Python 3.7.7
[2023.01.18-18.21.33:473][  0]LogTcpMessaging: Initializing TcpMessaging bridge
[2023.01.18-18.21.33:477][  0]LogUdpMessaging: Initializing bridge on interface 0.0.0.0:0 to multicast group 230.0.0.1:6666.
[2023.01.18-18.21.33:611][  0]SourceControl: Source control is disabled
[2023.01.18-18.21.33:611][  0]SourceControl: Source control is disabled
[2023.01.18-18.21.33:613][  0]SourceControl: Source control is disabled
[2023.01.18-18.21.33:616][  0]SourceControl: Source control is disabled
[2023.01.18-18.21.33:626][  0]LogUProjectInfo: Found projects:
[2023.01.18-18.21.33:631][  0]LogVSAccessor: Display: Unable to create Visual Studio setup instance: 80040154
[2023.01.18-18.21.33:631][  0]LogVSAccessor: Display: Unable to create Visual Studio setup instance: 80040154
[2023.01.18-18.21.33:632][  0]LogVSAccessor: Display: Unable to create Visual Studio setup instance: 80040154
[2023.01.18-18.21.33:704][  0]SourceControl: Source control is disabled
[2023.01.18-18.21.33:802][  0]LogOpenImageDenoise: OIDN starting up
[2023.01.18-18.21.33:812][  0]LogAndroidPermission: UAndroidPermissionCallbackProxy::GetInstance
[2023.01.18-18.21.33:826][  0]LogAudioCaptureCore: Display: No Audio Capture implementations found. Audio input will be silent.
[2023.01.18-18.21.33:826][  0]LogAudioCaptureCore: Display: No Audio Capture implementations found. Audio input will be silent.
[2023.01.18-18.21.33:931][  0]LogCollectionManager: Loaded 0 collections in 0.001144 seconds
[2023.01.18-18.21.33:950][  0]LogFileCache: Scanning file cache for directory 'C:/Users/PC/Documents/GitHub/Projekt1---labirynt-z-kulk-/NiePatrycjaPilarz/Saved/Collections/' took 0.00s
[2023.01.18-18.21.33:950][  0]LogFileCache: Scanning file cache for directory 'C:/Users/PC/Documents/GitHub/Projekt1---labirynt-z-kulk-/NiePatrycjaPilarz/Content/Developers/PC/Collections/' took 0.00s
[2023.01.18-18.21.33:950][  0]LogFileCache: Scanning file cache for directory 'C:/Users/PC/Documents/GitHub/Projekt1---labirynt-z-kulk-/NiePatrycjaPilarz/Content/Collections/' took 0.00s
[2023.01.18-18.21.33:950][  0]LogOcInput: OculusInput pre-init called
[2023.01.18-18.21.34:117][  0]LogEngine: Initializing Engine...
[2023.01.18-18.21.34:119][  0]LogHMD: Failed to enumerate extensions. Please check that you have a valid OpenXR runtime installed.
[2023.01.18-18.21.34:119][  0]LogHMD: Failed to initialize OpenVR with code 110
[2023.01.18-18.21.34:119][  0]LogMagicLeap: Warning: VR disabled because ZI is not enabled.  To enable, in the editor, Edit -> Project Settings -> Plugins -> Magic Leap Plugin -> Enable Zero Iteration
[2023.01.18-18.21.34:120][  0]LogStats: UGameplayTagsManager::InitializeManager -  0.000 s
[2023.01.18-18.21.34:206][  0]LogInit: Initializing FReadOnlyCVARCache
[2023.01.18-18.21.34:212][  0]LogAIModule: Creating AISystem for world Untitled
[2023.01.18-18.21.34:219][  0]LogAudio: Display: Initializing Audio Device Manager...
[2023.01.18-18.21.34:222][  0]LogAudio: Display: Loading Default Audio Settings Objects...
[2023.01.18-18.21.34:223][  0]LogAudio: Display: No default SoundConcurrencyObject specified (or failed to load).
[2023.01.18-18.21.34:223][  0]LogAudio: Display: Audio Device Manager Initialized
[2023.01.18-18.21.34:223][  0]LogAudio: Display: Creating Audio Device:                 Id: 1, Scope: Shared, Realtime: True
[2023.01.18-18.21.34:223][  0]LogAudioMixer: Display: Audio Mixer Platform Settings:
[2023.01.18-18.21.34:223][  0]LogAudioMixer: Display: 	Sample Rate:						  48000
[2023.01.18-18.21.34:223][  0]LogAudioMixer: Display: 	Callback Buffer Frame Size Requested: 1024
[2023.01.18-18.21.34:223][  0]LogAudioMixer: Display: 	Callback Buffer Frame Size To Use:	  1024
[2023.01.18-18.21.34:223][  0]LogAudioMixer: Display: 	Number of buffers to queue:			  2
[2023.01.18-18.21.34:223][  0]LogAudioMixer: Display: 	Max Channels (voices):				  32
[2023.01.18-18.21.34:223][  0]LogAudioMixer: Display: 	Number of Async Source Workers:		  0
[2023.01.18-18.21.34:223][  0]LogAudio: Display: AudioDevice MaxSources: 32
[2023.01.18-18.21.34:223][  0]LogAudio: Display: Audio Spatialization Plugin: None (built-in).
[2023.01.18-18.21.34:223][  0]LogAudio: Display: Audio Reverb Plugin: None (built-in).
[2023.01.18-18.21.34:223][  0]LogAudio: Display: Audio Occlusion Plugin: None (built-in).
[2023.01.18-18.21.34:223][  0]LogAudioMixer: Display: Initializing audio mixer.
[2023.01.18-18.21.34:233][  0]LogAudioMixer: Display: 0: FrontLeft
[2023.01.18-18.21.34:233][  0]LogAudioMixer: Display: 1: FrontRight
[2023.01.18-18.21.34:264][  0]LogAudioMixer: Display: Using Audio Device Realtek HD Audio 2nd output (Realtek(R) Audio)
[2023.01.18-18.21.34:266][  0]LogAudioMixer: Display: Initializing Sound Submixes...
[2023.01.18-18.21.34:268][  0]LogAudioMixer: Display: Creating Master Submix 'MasterSubmixDefault'
[2023.01.18-18.21.34:268][  0]LogAudioMixer: Display: Creating Master Submix 'MasterReverbSubmixDefault'
[2023.01.18-18.21.34:268][  0]LogAudioMixer: Display: Creating Master Submix 'MasterEQSubmixDefault'
[2023.01.18-18.21.34:268][  0]LogAudioMixer: FMixerPlatformXAudio2::StartAudioStream() called
[2023.01.18-18.21.34:268][  0]LogAudioMixer: Display: Output buffers initialized: Frames=1024, Channels=2, Samples=2048
[2023.01.18-18.21.34:269][  0]LogAudioMixer: Display: Starting AudioMixerPlatformInterface::RunInternal()
[2023.01.18-18.21.34:269][  0]LogAudioMixer: Display: FMixerPlatformXAudio2::SubmitBuffer() called for the first time
[2023.01.18-18.21.34:269][  0]LogInit: FAudioDevice initialized.
[2023.01.18-18.21.34:269][  0]LogAudio: Display: Audio Device (ID: 1) registered with world 'Untitled'.
[2023.01.18-18.21.34:269][  0]LogNetVersion: Set ProjectVersion to 1.0.0.0. Version Checksum will be recalculated on next use.
[2023.01.18-18.21.34:307][  0]LogDerivedDataCache: Saved boot cache 0.04s 94MB C:/Users/PC/AppData/Local/UnrealEngine/4.27/DerivedDataCache/Boot.ddc.
[2023.01.18-18.21.34:309][  0]LogInit: Texture streaming: Enabled
[2023.01.18-18.21.34:318][  0]LogAnalytics: Display: [UEEditor.Rocket.Release] APIServer = https://datarouter.ol.epicgames.com/. AppVersion = 4.27.2-18319896+++UE4+Release-4.27
[2023.01.18-18.21.34:321][  0]LogEngineSessionManager: EngineSessionManager initialized
[2023.01.18-18.21.34:321][  0]LogEditorSessionSummary: Verbose: Initializing EditorSessionSummaryWriter for editor session tracking
[2023.01.18-18.21.34:323][  0]LogEditorSessionSummary: EditorSessionSummaryWriter initialized
[2023.01.18-18.21.34:340][  0]LogInit: Transaction tracking system initialized
[2023.01.18-18.21.34:356][  0]BlueprintLog: New page: Editor Load
[2023.01.18-18.21.34:401][  0]LocalizationService: Localization service is disabled
[2023.01.18-18.21.34:419][  0]TimingProfiler: Initialize
[2023.01.18-18.21.34:419][  0]TimingProfiler: OnSessionChanged
[2023.01.18-18.21.34:419][  0]LoadingProfiler: Initialize
[2023.01.18-18.21.34:419][  0]LoadingProfiler: OnSessionChanged
[2023.01.18-18.21.34:419][  0]NetworkingProfiler: Initialize
[2023.01.18-18.21.34:419][  0]NetworkingProfiler: OnSessionChanged
[2023.01.18-18.21.34:419][  0]MemoryProfiler: Initialize
[2023.01.18-18.21.34:419][  0]MemoryProfiler: OnSessionChanged
[2023.01.18-18.21.34:462][  0]LogVSAccessor: Display: Unable to create Visual Studio setup instance: 80040154
[2023.01.18-18.21.34:462][  0]LogVSAccessor: Display: Unable to create Visual Studio setup instance: 80040154
[2023.01.18-18.21.34:462][  0]LogVSAccessor: Display: Unable to create Visual Studio setup instance: 80040154
[2023.01.18-18.21.34:525][  0]LogCook: Display: CookSettings for Memory: MemoryMaxUsedVirtual 0MiB, MemoryMaxUsedPhysical 16384MiB, MemoryMinFreeVirtual 0MiB, MemoryMinFreePhysical 1024MiB
[2023.01.18-18.21.34:525][  0]LogCook: Display: Mobile HDR setting 1
[2023.01.18-18.21.34:666][  0]LogFileCache: Scanning file cache for directory 'C:/Users/PC/Documents/GitHub/Projekt1---labirynt-z-kulk-/NiePatrycjaPilarz/Content/' took 0.00s
[2023.01.18-18.21.34:793][  0]LogInit: Display: Engine is initialized. Leaving FEngineLoop::Init()
[2023.01.18-18.21.34:795][  0]SourceControl: Source control is disabled
[2023.01.18-18.21.34:795][  0]LogUnrealEdMisc: Loading editor; pre map load, took 4.966
[2023.01.18-18.21.34:795][  0]Cmd: MAP LOAD FILE="../../../../../../Users/PC/Documents/GitHub/Projekt1---labirynt-z-kulk-/NiePatrycjaPilarz/Content/StarterContent/Maps/Minimal_Default.umap" TEMPLATE=0 SHOWPROGRESS=1 FEATURELEVEL=3
[2023.01.18-18.21.34:795][  0]LightingResults: New page: Lighting Build
[2023.01.18-18.21.34:796][  0]LogWorld: UWorld::CleanupWorld for Untitled, bSessionEnded=true, bCleanupResources=true
[2023.01.18-18.21.34:796][  0]LogSlate: InvalidateAllWidgets triggered.  All widgets were invalidated
[2023.01.18-18.21.34:796][  0]MapCheck: New page: Map Check
[2023.01.18-18.21.34:796][  0]LightingResults: New page: Lighting Build
[2023.01.18-18.21.34:800][  0]LogAudio: Display: Audio Device unregistered from world 'None'.
[2023.01.18-18.21.34:802][  0]LogUObjectHash: Compacting FUObjectHashTables data took   0.67ms
[2023.01.18-18.21.34:969][  0]LogAudio: Display: Audio Device (ID: 1) registered with world 'Minimal_Default'.
[2023.01.18-18.21.34:970][  0]LogAIModule: Creating AISystem for world Minimal_Default
[2023.01.18-18.21.34:979][  0]LogEditorServer: Finished looking for orphan Actors (0.000 secs)
[2023.01.18-18.21.35:012][  0]LogUObjectHash: Compacting FUObjectHashTables data took   0.65ms
[2023.01.18-18.21.35:013][  0]Cmd: MAP CHECKDEP NOCLEARLOG
[2023.01.18-18.21.35:013][  0]MapCheck: Map check complete: 0 Error(s), 0 Warning(s), took 0,142ms to complete.
[2023.01.18-18.21.35:013][  0]LogFileHelpers: Loading map 'Minimal_Default' took 0.218
[2023.01.18-18.21.35:014][  0]LogUnrealEdMisc: Total Editor Startup Time, took 5.185
[2023.01.18-18.21.35:131][  0]LogSlate: Updating window title bar state: overlay mode, drag disabled, window buttons hidden, title bar hidden
[2023.01.18-18.21.35:135][  0]LogSlate: Updating window title bar state: overlay mode, drag disabled, window buttons hidden, title bar hidden
[2023.01.18-18.21.35:139][  0]LogSlate: Updating window title bar state: overlay mode, drag disabled, window buttons hidden, title bar hidden
[2023.01.18-18.21.35:144][  0]LogSlate: Updating window title bar state: overlay mode, drag disabled, window buttons hidden, title bar hidden
[2023.01.18-18.21.35:153][  0]LogNativeClassHierarchy: Verbose: Native class hierarchy populated in 0.0072 seconds. Added 3822 classes and 928 folders.
[2023.01.18-18.21.35:155][  0]LogNativeClassHierarchy: Verbose: Native class hierarchy updated for 'WidgetCarousel' in 0.0002 seconds. Added 0 classes and 0 folders.
[2023.01.18-18.21.35:156][  0]LogPakFile: PakFile PrimaryIndexSize=187
[2023.01.18-18.21.35:156][  0]LogPakFile: PakFile PathHashIndexSize=101
[2023.01.18-18.21.35:156][  0]LogPakFile: PakFile FullDirectoryIndexSize=148
[2023.01.18-18.21.35:156][  0]LogShaderLibrary: Display: ShaderCodeLibraryPakFileMountedCallback: PakFile 'C:/Program Files/Epic Games/UE_4.27/FeaturePacks/FP_FirstPerson.upack' (chunk index -1, root 'root:/') mounted
[2023.01.18-18.21.35:156][  0]LogShaderLibrary: Display: ShaderCodeLibraryPakFileMountedCallback: pending pak file info (ChunkID:-1 Root:root:/ File:C:/Program Files/Epic Games/UE_4.27/FeaturePacks/FP_FirstPerson.upack)
[2023.01.18-18.21.35:156][  0]LogPakFile: OnPakFileMounted2Time == 0.000043
[2023.01.18-18.21.35:157][  0]LogPakFile: PakFile PrimaryIndexSize=189
[2023.01.18-18.21.35:157][  0]LogPakFile: PakFile PathHashIndexSize=101
[2023.01.18-18.21.35:157][  0]LogPakFile: PakFile FullDirectoryIndexSize=152
[2023.01.18-18.21.35:157][  0]LogShaderLibrary: Display: ShaderCodeLibraryPakFileMountedCallback: PakFile 'C:/Program Files/Epic Games/UE_4.27/FeaturePacks/FP_FirstPersonBP.upack' (chunk index -1, root 'root:/') mounted
[2023.01.18-18.21.35:157][  0]LogShaderLibrary: Display: ShaderCodeLibraryPakFileMountedCallback: pending pak file info (ChunkID:-1 Root:root:/ File:C:/Program Files/Epic Games/UE_4.27/FeaturePacks/FP_FirstPersonBP.upack)
[2023.01.18-18.21.35:157][  0]LogPakFile: OnPakFileMounted2Time == 0.000031
[2023.01.18-18.21.35:157][  0]LogPakFile: PakFile PrimaryIndexSize=191
[2023.01.18-18.21.35:157][  0]LogPakFile: PakFile PathHashIndexSize=101
[2023.01.18-18.21.35:157][  0]LogPakFile: PakFile FullDirectoryIndexSize=160
[2023.01.18-18.21.35:157][  0]LogShaderLibrary: Display: ShaderCodeLibraryPakFileMountedCallback: PakFile 'C:/Program Files/Epic Games/UE_4.27/FeaturePacks/MobileStarterContent.upack' (chunk index -1, root 'root:/') mounted
[2023.01.18-18.21.35:157][  0]LogShaderLibrary: Display: ShaderCodeLibraryPakFileMountedCallback: pending pak file info (ChunkID:-1 Root:root:/ File:C:/Program Files/Epic Games/UE_4.27/FeaturePacks/MobileStarterContent.upack)
[2023.01.18-18.21.35:157][  0]LogPakFile: OnPakFileMounted2Time == 0.000026
[2023.01.18-18.21.35:158][  0]LogPakFile: PakFile PrimaryIndexSize=185
[2023.01.18-18.21.35:158][  0]LogPakFile: PakFile PathHashIndexSize=101
[2023.01.18-18.21.35:158][  0]LogPakFile: PakFile FullDirectoryIndexSize=148
[2023.01.18-18.21.35:158][  0]LogShaderLibrary: Display: ShaderCodeLibraryPakFileMountedCallback: PakFile 'C:/Program Files/Epic Games/UE_4.27/FeaturePacks/StarterContent.upack' (chunk index -1, root 'root:/') mounted
[2023.01.18-18.21.35:158][  0]LogShaderLibrary: Display: ShaderCodeLibraryPakFileMountedCallback: pending pak file info (ChunkID:-1 Root:root:/ File:C:/Program Files/Epic Games/UE_4.27/FeaturePacks/StarterContent.upack)
[2023.01.18-18.21.35:158][  0]LogPakFile: OnPakFileMounted2Time == 0.000028
[2023.01.18-18.21.35:158][  0]LogPakFile: PakFile PrimaryIndexSize=190
[2023.01.18-18.21.35:158][  0]LogPakFile: PakFile PathHashIndexSize=101
[2023.01.18-18.21.35:158][  0]LogPakFile: PakFile FullDirectoryIndexSize=154
[2023.01.18-18.21.35:158][  0]LogShaderLibrary: Display: ShaderCodeLibraryPakFileMountedCallback: PakFile 'C:/Program Files/Epic Games/UE_4.27/FeaturePacks/TP_2DSideScroller.upack' (chunk index -1, root 'root:/') mounted
[2023.01.18-18.21.35:158][  0]LogShaderLibrary: Display: ShaderCodeLibraryPakFileMountedCallback: pending pak file info (ChunkID:-1 Root:root:/ File:C:/Program Files/Epic Games/UE_4.27/FeaturePacks/TP_2DSideScroller.upack)
[2023.01.18-18.21.35:158][  0]LogPakFile: OnPakFileMounted2Time == 0.000026
[2023.01.18-18.21.35:158][  0]LogPakFile: PakFile PrimaryIndexSize=192
[2023.01.18-18.21.35:158][  0]LogPakFile: PakFile PathHashIndexSize=101
[2023.01.18-18.21.35:158][  0]LogPakFile: PakFile FullDirectoryIndexSize=158
[2023.01.18-18.21.35:158][  0]LogShaderLibrary: Display: ShaderCodeLibraryPakFileMountedCallback: PakFile 'C:/Program Files/Epic Games/UE_4.27/FeaturePacks/TP_2DSideScrollerBP.upack' (chunk index -1, root 'root:/') mounted
[2023.01.18-18.21.35:158][  0]LogShaderLibrary: Display: ShaderCodeLibraryPakFileMountedCallback: pending pak file info (ChunkID:-1 Root:root:/ File:C:/Program Files/Epic Games/UE_4.27/FeaturePacks/TP_2DSideScrollerBP.upack)
[2023.01.18-18.21.35:158][  0]LogPakFile: OnPakFileMounted2Time == 0.000026
[2023.01.18-18.21.35:159][  0]LogPakFile: PakFile PrimaryIndexSize=182
[2023.01.18-18.21.35:159][  0]LogPakFile: PakFile PathHashIndexSize=101
[2023.01.18-18.21.35:159][  0]LogPakFile: PakFile FullDirectoryIndexSize=138
[2023.01.18-18.21.35:159][  0]LogShaderLibrary: Display: ShaderCodeLibraryPakFileMountedCallback: PakFile 'C:/Program Files/Epic Games/UE_4.27/FeaturePacks/TP_Flying.upack' (chunk index -1, root 'root:/') mounted
[2023.01.18-18.21.35:159][  0]LogShaderLibrary: Display: ShaderCodeLibraryPakFileMountedCallback: pending pak file info (ChunkID:-1 Root:root:/ File:C:/Program Files/Epic Games/UE_4.27/FeaturePacks/TP_Flying.upack)
[2023.01.18-18.21.35:159][  0]LogPakFile: OnPakFileMounted2Time == 0.000026
[2023.01.18-18.21.35:159][  0]LogPakFile: PakFile PrimaryIndexSize=184
[2023.01.18-18.21.35:159][  0]LogPakFile: PakFile PathHashIndexSize=101
[2023.01.18-18.21.35:159][  0]LogPakFile: PakFile FullDirectoryIndexSize=142
[2023.01.18-18.21.35:159][  0]LogShaderLibrary: Display: ShaderCodeLibraryPakFileMountedCallback: PakFile 'C:/Program Files/Epic Games/UE_4.27/FeaturePacks/TP_FlyingBP.upack' (chunk index -1, root 'root:/') mounted
[2023.01.18-18.21.35:159][  0]LogShaderLibrary: Display: ShaderCodeLibraryPakFileMountedCallback: pending pak file info (ChunkID:-1 Root:root:/ File:C:/Program Files/Epic Games/UE_4.27/FeaturePacks/TP_FlyingBP.upack)
[2023.01.18-18.21.35:159][  0]LogPakFile: OnPakFileMounted2Time == 0.000025
[2023.01.18-18.21.35:160][  0]LogPakFile: PakFile PrimaryIndexSize=188
[2023.01.18-18.21.35:160][  0]LogPakFile: PakFile PathHashIndexSize=101
[2023.01.18-18.21.35:160][  0]LogPakFile: PakFile FullDirectoryIndexSize=150
[2023.01.18-18.21.35:160][  0]LogShaderLibrary: Display: ShaderCodeLibraryPakFileMountedCallback: PakFile 'C:/Program Files/Epic Games/UE_4.27/FeaturePacks/TP_HandheldARBP.upack' (chunk index -1, root 'root:/') mounted
[2023.01.18-18.21.35:160][  0]LogShaderLibrary: Display: ShaderCodeLibraryPakFileMountedCallback: pending pak file info (ChunkID:-1 Root:root:/ File:C:/Program Files/Epic Games/UE_4.27/FeaturePacks/TP_HandheldARBP.upack)
[2023.01.18-18.21.35:160][  0]LogPakFile: OnPakFileMounted2Time == 0.000028
[2023.01.18-18.21.35:160][  0]LogPakFile: PakFile PrimaryIndexSize=182
[2023.01.18-18.21.35:160][  0]LogPakFile: PakFile PathHashIndexSize=101
[2023.01.18-18.21.35:160][  0]LogPakFile: PakFile FullDirectoryIndexSize=138
[2023.01.18-18.21.35:160][  0]LogShaderLibrary: Display: ShaderCodeLibraryPakFileMountedCallback: PakFile 'C:/Program Files/Epic Games/UE_4.27/FeaturePacks/TP_Puzzle.upack' (chunk index -1, root 'root:/') mounted
[2023.01.18-18.21.35:160][  0]LogShaderLibrary: Display: ShaderCodeLibraryPakFileMountedCallback: pending pak file info (ChunkID:-1 Root:root:/ File:C:/Program Files/Epic Games/UE_4.27/FeaturePacks/TP_Puzzle.upack)
[2023.01.18-18.21.35:160][  0]LogPakFile: OnPakFileMounted2Time == 0.000025
[2023.01.18-18.21.35:161][  0]LogPakFile: PakFile PrimaryIndexSize=184
[2023.01.18-18.21.35:161][  0]LogPakFile: PakFile PathHashIndexSize=101
[2023.01.18-18.21.35:161][  0]LogPakFile: PakFile FullDirectoryIndexSize=142
[2023.01.18-18.21.35:161][  0]LogShaderLibrary: Display: ShaderCodeLibraryPakFileMountedCallback: PakFile 'C:/Program Files/Epic Games/UE_4.27/FeaturePacks/TP_PuzzleBP.upack' (chunk index -1, root 'root:/') mounted
[2023.01.18-18.21.35:161][  0]LogShaderLibrary: Display: ShaderCodeLibraryPakFileMountedCallback: pending pak file info (ChunkID:-1 Root:root:/ File:C:/Program Files/Epic Games/UE_4.27/FeaturePacks/TP_PuzzleBP.upack)
[2023.01.18-18.21.35:161][  0]LogPakFile: OnPakFileMounted2Time == 0.000026
[2023.01.18-18.21.35:161][  0]LogPakFile: PakFile PrimaryIndexSize=183
[2023.01.18-18.21.35:161][  0]LogPakFile: PakFile PathHashIndexSize=101
[2023.01.18-18.21.35:161][  0]LogPakFile: PakFile FullDirectoryIndexSize=140
[2023.01.18-18.21.35:161][  0]LogShaderLibrary: Display: ShaderCodeLibraryPakFileMountedCallback: PakFile 'C:/Program Files/Epic Games/UE_4.27/FeaturePacks/TP_Rolling.upack' (chunk index -1, root 'root:/') mounted
[2023.01.18-18.21.35:161][  0]LogShaderLibrary: Display: ShaderCodeLibraryPakFileMountedCallback: pending pak file info (ChunkID:-1 Root:root:/ File:C:/Program Files/Epic Games/UE_4.27/FeaturePacks/TP_Rolling.upack)
[2023.01.18-18.21.35:161][  0]LogPakFile: OnPakFileMounted2Time == 0.000025
[2023.01.18-18.21.35:162][  0]LogPakFile: PakFile PrimaryIndexSize=185
[2023.01.18-18.21.35:162][  0]LogPakFile: PakFile PathHashIndexSize=101
[2023.01.18-18.21.35:162][  0]LogPakFile: PakFile FullDirectoryIndexSize=144
[2023.01.18-18.21.35:162][  0]LogShaderLibrary: Display: ShaderCodeLibraryPakFileMountedCallback: PakFile 'C:/Program Files/Epic Games/UE_4.27/FeaturePacks/TP_RollingBP.upack' (chunk index -1, root 'root:/') mounted
[2023.01.18-18.21.35:162][  0]LogShaderLibrary: Display: ShaderCodeLibraryPakFileMountedCallback: pending pak file info (ChunkID:-1 Root:root:/ File:C:/Program Files/Epic Games/UE_4.27/FeaturePacks/TP_RollingBP.upack)
[2023.01.18-18.21.35:162][  0]LogPakFile: OnPakFileMounted2Time == 0.000028
[2023.01.18-18.21.35:162][  0]LogPakFile: PakFile PrimaryIndexSize=188
[2023.01.18-18.21.35:162][  0]LogPakFile: PakFile PathHashIndexSize=101
[2023.01.18-18.21.35:162][  0]LogPakFile: PakFile FullDirectoryIndexSize=150
[2023.01.18-18.21.35:162][  0]LogShaderLibrary: Display: ShaderCodeLibraryPakFileMountedCallback: PakFile 'C:/Program Files/Epic Games/UE_4.27/FeaturePacks/TP_SideScroller.upack' (chunk index -1, root 'root:/') mounted
[2023.01.18-18.21.35:162][  0]LogShaderLibrary: Display: ShaderCodeLibraryPakFileMountedCallback: pending pak file info (ChunkID:-1 Root:root:/ File:C:/Program Files/Epic Games/UE_4.27/FeaturePacks/TP_SideScroller.upack)
[2023.01.18-18.21.35:162][  0]LogPakFile: OnPakFileMounted2Time == 0.000026
[2023.01.18-18.21.35:163][  0]LogPakFile: PakFile PrimaryIndexSize=190
[2023.01.18-18.21.35:163][  0]LogPakFile: PakFile PathHashIndexSize=101
[2023.01.18-18.21.35:163][  0]LogPakFile: PakFile FullDirectoryIndexSize=154
[2023.01.18-18.21.35:163][  0]LogShaderLibrary: Display: ShaderCodeLibraryPakFileMountedCallback: PakFile 'C:/Program Files/Epic Games/UE_4.27/FeaturePacks/TP_SideScrollerBP.upack' (chunk index -1, root 'root:/') mounted
[2023.01.18-18.21.35:163][  0]LogShaderLibrary: Display: ShaderCodeLibraryPakFileMountedCallback: pending pak file info (ChunkID:-1 Root:root:/ File:C:/Program Files/Epic Games/UE_4.27/FeaturePacks/TP_SideScrollerBP.upack)
[2023.01.18-18.21.35:163][  0]LogPakFile: OnPakFileMounted2Time == 0.000028
[2023.01.18-18.21.35:163][  0]LogPakFile: PakFile PrimaryIndexSize=187
[2023.01.18-18.21.35:163][  0]LogPakFile: PakFile PathHashIndexSize=101
[2023.01.18-18.21.35:163][  0]LogPakFile: PakFile FullDirectoryIndexSize=148
[2023.01.18-18.21.35:163][  0]LogShaderLibrary: Display: ShaderCodeLibraryPakFileMountedCallback: PakFile 'C:/Program Files/Epic Games/UE_4.27/FeaturePacks/TP_ThirdPerson.upack' (chunk index -1, root 'root:/') mounted
[2023.01.18-18.21.35:163][  0]LogShaderLibrary: Display: ShaderCodeLibraryPakFileMountedCallback: pending pak file info (ChunkID:-1 Root:root:/ File:C:/Program Files/Epic Games/UE_4.27/FeaturePacks/TP_ThirdPerson.upack)
[2023.01.18-18.21.35:163][  0]LogPakFile: OnPakFileMounted2Time == 0.000027
[2023.01.18-18.21.35:164][  0]LogPakFile: PakFile PrimaryIndexSize=189
[2023.01.18-18.21.35:164][  0]LogPakFile: PakFile PathHashIndexSize=101
[2023.01.18-18.21.35:164][  0]LogPakFile: PakFile FullDirectoryIndexSize=152
[2023.01.18-18.21.35:164][  0]LogShaderLibrary: Display: ShaderCodeLibraryPakFileMountedCallback: PakFile 'C:/Program Files/Epic Games/UE_4.27/FeaturePacks/TP_ThirdPersonBP.upack' (chunk index -1, root 'root:/') mounted
[2023.01.18-18.21.35:164][  0]LogShaderLibrary: Display: ShaderCodeLibraryPakFileMountedCallback: pending pak file info (ChunkID:-1 Root:root:/ File:C:/Program Files/Epic Games/UE_4.27/FeaturePacks/TP_ThirdPersonBP.upack)
[2023.01.18-18.21.35:164][  0]LogPakFile: OnPakFileMounted2Time == 0.000026
[2023.01.18-18.21.35:164][  0]LogPakFile: PakFile PrimaryIndexSize=183
[2023.01.18-18.21.35:164][  0]LogPakFile: PakFile PathHashIndexSize=101
[2023.01.18-18.21.35:164][  0]LogPakFile: PakFile FullDirectoryIndexSize=140
[2023.01.18-18.21.35:164][  0]LogShaderLibrary: Display: ShaderCodeLibraryPakFileMountedCallback: PakFile 'C:/Program Files/Epic Games/UE_4.27/FeaturePacks/TP_TopDown.upack' (chunk index -1, root 'root:/') mounted
[2023.01.18-18.21.35:164][  0]LogShaderLibrary: Display: ShaderCodeLibraryPakFileMountedCallback: pending pak file info (ChunkID:-1 Root:root:/ File:C:/Program Files/Epic Games/UE_4.27/FeaturePacks/TP_TopDown.upack)
[2023.01.18-18.21.35:164][  0]LogPakFile: OnPakFileMounted2Time == 0.000031
[2023.01.18-18.21.35:164][  0]LogPakFile: PakFile PrimaryIndexSize=185
[2023.01.18-18.21.35:165][  0]LogPakFile: PakFile PathHashIndexSize=101
[2023.01.18-18.21.35:165][  0]LogPakFile: PakFile FullDirectoryIndexSize=144
[2023.01.18-18.21.35:165][  0]LogShaderLibrary: Display: ShaderCodeLibraryPakFileMountedCallback: PakFile 'C:/Program Files/Epic Games/UE_4.27/FeaturePacks/TP_TopDownBP.upack' (chunk index -1, root 'root:/') mounted
[2023.01.18-18.21.35:165][  0]LogShaderLibrary: Display: ShaderCodeLibraryPakFileMountedCallback: pending pak file info (ChunkID:-1 Root:root:/ File:C:/Program Files/Epic Games/UE_4.27/FeaturePacks/TP_TopDownBP.upack)
[2023.01.18-18.21.35:165][  0]LogPakFile: OnPakFileMounted2Time == 0.000037
[2023.01.18-18.21.35:165][  0]LogPakFile: PakFile PrimaryIndexSize=185
[2023.01.18-18.21.35:165][  0]LogPakFile: PakFile PathHashIndexSize=101
[2023.01.18-18.21.35:165][  0]LogPakFile: PakFile FullDirectoryIndexSize=144
[2023.01.18-18.21.35:165][  0]LogShaderLibrary: Display: ShaderCodeLibraryPakFileMountedCallback: PakFile 'C:/Program Files/Epic Games/UE_4.27/FeaturePacks/TP_TwinStick.upack' (chunk index -1, root 'root:/') mounted
[2023.01.18-18.21.35:165][  0]LogShaderLibrary: Display: ShaderCodeLibraryPakFileMountedCallback: pending pak file info (ChunkID:-1 Root:root:/ File:C:/Program Files/Epic Games/UE_4.27/FeaturePacks/TP_TwinStick.upack)
[2023.01.18-18.21.35:165][  0]LogPakFile: OnPakFileMounted2Time == 0.000026
[2023.01.18-18.21.35:165][  0]LogPakFile: PakFile PrimaryIndexSize=187
[2023.01.18-18.21.35:165][  0]LogPakFile: PakFile PathHashIndexSize=101
[2023.01.18-18.21.35:165][  0]LogPakFile: PakFile FullDirectoryIndexSize=148
[2023.01.18-18.21.35:165][  0]LogShaderLibrary: Display: ShaderCodeLibraryPakFileMountedCallback: PakFile 'C:/Program Files/Epic Games/UE_4.27/FeaturePacks/TP_TwinStickBP.upack' (chunk index -1, root 'root:/') mounted
[2023.01.18-18.21.35:165][  0]LogShaderLibrary: Display: ShaderCodeLibraryPakFileMountedCallback: pending pak file info (ChunkID:-1 Root:root:/ File:C:/Program Files/Epic Games/UE_4.27/FeaturePacks/TP_TwinStickBP.upack)
[2023.01.18-18.21.35:165][  0]LogPakFile: OnPakFileMounted2Time == 0.000025
[2023.01.18-18.21.35:166][  0]LogPakFile: PakFile PrimaryIndexSize=183
[2023.01.18-18.21.35:166][  0]LogPakFile: PakFile PathHashIndexSize=101
[2023.01.18-18.21.35:166][  0]LogPakFile: PakFile FullDirectoryIndexSize=140
[2023.01.18-18.21.35:166][  0]LogShaderLibrary: Display: ShaderCodeLibraryPakFileMountedCallback: PakFile 'C:/Program Files/Epic Games/UE_4.27/FeaturePacks/TP_Vehicle.upack' (chunk index -1, root 'root:/') mounted
[2023.01.18-18.21.35:166][  0]LogShaderLibrary: Display: ShaderCodeLibraryPakFileMountedCallback: pending pak file info (ChunkID:-1 Root:root:/ File:C:/Program Files/Epic Games/UE_4.27/FeaturePacks/TP_Vehicle.upack)
[2023.01.18-18.21.35:166][  0]LogPakFile: OnPakFileMounted2Time == 0.000025
[2023.01.18-18.21.35:166][  0]LogPakFile: PakFile PrimaryIndexSize=186
[2023.01.18-18.21.35:166][  0]LogPakFile: PakFile PathHashIndexSize=101
[2023.01.18-18.21.35:166][  0]LogPakFile: PakFile FullDirectoryIndexSize=146
[2023.01.18-18.21.35:166][  0]LogShaderLibrary: Display: ShaderCodeLibraryPakFileMountedCallback: PakFile 'C:/Program Files/Epic Games/UE_4.27/FeaturePacks/TP_VehicleAdv.upack' (chunk index -1, root 'root:/') mounted
[2023.01.18-18.21.35:166][  0]LogShaderLibrary: Display: ShaderCodeLibraryPakFileMountedCallback: pending pak file info (ChunkID:-1 Root:root:/ File:C:/Program Files/Epic Games/UE_4.27/FeaturePacks/TP_VehicleAdv.upack)
[2023.01.18-18.21.35:166][  0]LogPakFile: OnPakFileMounted2Time == 0.000029
[2023.01.18-18.21.35:167][  0]LogPakFile: PakFile PrimaryIndexSize=188
[2023.01.18-18.21.35:167][  0]LogPakFile: PakFile PathHashIndexSize=101
[2023.01.18-18.21.35:167][  0]LogPakFile: PakFile FullDirectoryIndexSize=150
[2023.01.18-18.21.35:167][  0]LogShaderLibrary: Display: ShaderCodeLibraryPakFileMountedCallback: PakFile 'C:/Program Files/Epic Games/UE_4.27/FeaturePacks/TP_VehicleAdvBP.upack' (chunk index -1, root 'root:/') mounted
[2023.01.18-18.21.35:167][  0]LogShaderLibrary: Display: ShaderCodeLibraryPakFileMountedCallback: pending pak file info (ChunkID:-1 Root:root:/ File:C:/Program Files/Epic Games/UE_4.27/FeaturePacks/TP_VehicleAdvBP.upack)
[2023.01.18-18.21.35:167][  0]LogPakFile: OnPakFileMounted2Time == 0.000026
[2023.01.18-18.21.35:167][  0]LogPakFile: PakFile PrimaryIndexSize=185
[2023.01.18-18.21.35:167][  0]LogPakFile: PakFile PathHashIndexSize=101
[2023.01.18-18.21.35:167][  0]LogPakFile: PakFile FullDirectoryIndexSize=144
[2023.01.18-18.21.35:167][  0]LogShaderLibrary: Display: ShaderCodeLibraryPakFileMountedCallback: PakFile 'C:/Program Files/Epic Games/UE_4.27/FeaturePacks/TP_VehicleBP.upack' (chunk index -1, root 'root:/') mounted
[2023.01.18-18.21.35:167][  0]LogShaderLibrary: Display: ShaderCodeLibraryPakFileMountedCallback: pending pak file info (ChunkID:-1 Root:root:/ File:C:/Program Files/Epic Games/UE_4.27/FeaturePacks/TP_VehicleBP.upack)
[2023.01.18-18.21.35:167][  0]LogPakFile: OnPakFileMounted2Time == 0.000026
[2023.01.18-18.21.35:168][  0]LogPakFile: PakFile PrimaryIndexSize=192
[2023.01.18-18.21.35:168][  0]LogPakFile: PakFile PathHashIndexSize=101
[2023.01.18-18.21.35:168][  0]LogPakFile: PakFile FullDirectoryIndexSize=158
[2023.01.18-18.21.35:168][  0]LogShaderLibrary: Display: ShaderCodeLibraryPakFileMountedCallback: PakFile 'C:/Program Files/Epic Games/UE_4.27/FeaturePacks/TP_VirtualRealityBP.upack' (chunk index -1, root 'root:/') mounted
[2023.01.18-18.21.35:168][  0]LogShaderLibrary: Display: ShaderCodeLibraryPakFileMountedCallback: pending pak file info (ChunkID:-1 Root:root:/ File:C:/Program Files/Epic Games/UE_4.27/FeaturePacks/TP_VirtualRealityBP.upack)
[2023.01.18-18.21.35:168][  0]LogPakFile: OnPakFileMounted2Time == 0.000026
[2023.01.18-18.21.35:205][  0]LogNativeClassHierarchy: Verbose: Native class hierarchy updated for 'AddContentDialog' in 0.0002 seconds. Added 0 classes and 0 folders.
[2023.01.18-18.21.35:206][  0]LogNativeClassHierarchy: Verbose: Native class hierarchy updated for 'SceneOutliner' in 0.0002 seconds. Added 2 classes and 0 folders.
[2023.01.18-18.21.35:245][  0]LogSlate: Took 0.000159 seconds to synchronously load lazily loaded font '../../../Engine/Content/Slate/Fonts/Roboto-Regular.ttf' (155K)
[2023.01.18-18.21.35:246][  0]LogSlate: Took 0.000157 seconds to synchronously load lazily loaded font '../../../Engine/Content/Editor/Slate/Fonts/FontAwesome.ttf' (139K)
[2023.01.18-18.21.35:247][  0]LogSlate: Took 0.000099 seconds to synchronously load lazily loaded font '../../../Engine/Content/Slate/Fonts/Roboto-Bold.ttf' (160K)
[2023.01.18-18.21.35:312][  0]LogRenderer: Reallocating scene render targets to support 1048x648 Format 10 NumSamples 1 (Frame:1).
[2023.01.18-18.21.35:379][  0]LogNativeClassHierarchy: Verbose: Native class hierarchy updated for 'HierarchicalLODOutliner' in 0.0002 seconds. Added 0 classes and 0 folders.
[2023.01.18-18.21.35:380][  0]LogLoad: (Engine Initialization) Total time: 5.55 seconds
[2023.01.18-18.21.35:380][  0]LogLoad: (Engine Initialization) Total Blueprint compile time: 0.00 seconds
[2023.01.18-18.21.35:412][  0]LogAssetRegistry: Asset discovery search completed in 3.2876 seconds
[2023.01.18-18.21.35:416][  0]LogCollectionManager: Fixed up redirectors for 0 collections in 0.000003 seconds (updated 0 objects)
[2023.01.18-18.21.35:418][  0]LogContentStreaming: Texture pool size now 1000 MB
[2023.01.18-18.21.35:438][  1]LogRenderer: Reallocating scene render targets to support 1048x664 Format 10 NumSamples 1 (Frame:5).
[2023.01.18-18.21.35:495][  4]LogSlate: Took 0.000220 seconds to synchronously load lazily loaded font '../../../Engine/Content/Slate/Fonts/Roboto-Light.ttf' (167K)
